<?xml version="1.0" encoding="UTF-8"?>
<!-- Generated by org.testng.reporters.JUnitReportReporter -->
<testsuite hostname="IN-PF42S2RF" failures="3" tests="172" name="src.in.valtech.cl.scenarios.TC_Scenario_01" time="5121.527" errors="0" timestamp="19 Feb 2024 13:52:16 GMT">
  <testcase classname="src.in.valtech.cl.scenarios.TC_Scenario_01" name="step09_VerificationOfFooterSocialIconText" time="2.250"/>
  <testcase classname="src.in.valtech.cl.scenarios.TC_Scenario_01" name="step158_ClickOnSalesIcon" time="10.391"/>
  <testcase classname="src.in.valtech.cl.scenarios.TC_Scenario_01" name="step44_ClickOnProductsFromDataLists" time="10.185"/>
  <testcase classname="src.in.valtech.cl.scenarios.TC_Scenario_01" name="step110_EnteredQuantityInAnyRow" time="4.516"/>
  <testcase classname="src.in.valtech.cl.scenarios.TC_Scenario_01" name="step129_ClickOrderstxtFromSalesIcon" time="13.526"/>
  <testcase classname="src.in.valtech.cl.scenarios.TC_Scenario_01" name="step124_SavedRMAFromFO" time="2.267"/>
  <testcase classname="src.in.valtech.cl.scenarios.TC_Scenario_01" name="step169_EnterOrderIDinPaymentTab_adyen" time="42.166"/>
  <testcase classname="src.in.valtech.cl.scenarios.TC_Scenario_01" name="step07_VerificationOfFooterHeaderText" time="1.231"/>
  <testcase classname="src.in.valtech.cl.scenarios.TC_Scenario_01" name="step84_VerifyOrderdetailsInOrderspage" time="0.631"/>
  <testcase classname="src.in.valtech.cl.scenarios.TC_Scenario_01" name="step144_ClickOnSaveButton" time="12.596"/>
  <testcase classname="src.in.valtech.cl.scenarios.TC_Scenario_01" name="step39_VerifiedPDPConfirmationMessagePopUPModal" time="11.923"/>
  <testcase classname="src.in.valtech.cl.scenarios.TC_Scenario_01" name="step13_EnterEmailAddressInLogin" time="4.672"/>
  <testcase classname="src.in.valtech.cl.scenarios.TC_Scenario_01" name="step63_EnterMsgInGiftMsgFld" time="0.015"/>
  <testcase classname="src.in.valtech.cl.scenarios.TC_Scenario_01" name="step32_ClickOnSelectYourSizeButtonAndSelectAnySize" time="19.384"/>
  <testcase classname="src.in.valtech.cl.scenarios.TC_Scenario_01" name="step102_VerifiedGiftMsg_INPicking" time="0.001"/>
  <testcase classname="src.in.valtech.cl.scenarios.TC_Scenario_01" name="step52_ClickOnSignInButton" time="42.335"/>
  <testcase classname="src.in.valtech.cl.scenarios.TC_Scenario_01" name="step166_VerifiedOrderStatusInMyOrdersPage" time="192.315"/>
  <testcase classname="src.in.valtech.cl.scenarios.TC_Scenario_01" name="step45_EnterSearchableSKUAndClickOnSubmitFilter" time="21.929"/>
  <testcase classname="src.in.valtech.cl.scenarios.TC_Scenario_01" name="step31_ClickOnSizeGuideAndCloseOverlay" time="9.658"/>
  <testcase classname="src.in.valtech.cl.scenarios.TC_Scenario_01" name="step100_NavigatedBackIntoWMSANDPickingOrderProcess" time="70.382"/>
  <testcase classname="src.in.valtech.cl.scenarios.TC_Scenario_01" name="step142_EnterValueInApprovedField" time="9.396"/>
  <testcase classname="src.in.valtech.cl.scenarios.TC_Scenario_01" name="step87_ClickOrderstxtFromSalesIcon" time="14.968"/>
  <testcase classname="src.in.valtech.cl.scenarios.TC_Scenario_01" name="step10_VerificationOfFooterSocialIcons" time="0.319"/>
  <testcase classname="src.in.valtech.cl.scenarios.TC_Scenario_01" name="step28_ClickOnInStoreAvailabilityButtonAndCloseOverlay" time="0.016"/>
  <testcase classname="src.in.valtech.cl.scenarios.TC_Scenario_01" name="step99_ComparedSeleableStockInWMSAndBOBothAreSame" time="69.506"/>
  <testcase classname="src.in.valtech.cl.scenarios.TC_Scenario_01" name="step141_ClickOnReturnItems" time="9.334"/>
  <testcase classname="src.in.valtech.cl.scenarios.TC_Scenario_01" name="step08_VerificationOfFooterLinks" time="0.782"/>
  <testcase classname="src.in.valtech.cl.scenarios.TC_Scenario_01" name="step41_LoggedIntoWMS" time="24.083"/>
  <testcase classname="src.in.valtech.cl.scenarios.TC_Scenario_01" name="step79_VerifiedContinueShoppingButton" time="0.045"/>
  <testcase classname="src.in.valtech.cl.scenarios.TC_Scenario_01" name="step121_ComparedSeleableStockInWMSAndBOBothAreSameAfterShippingTheOrder" time="140.201"/>
  <testcase classname="src.in.valtech.cl.scenarios.TC_Scenario_01" name="step22_SelectColorFromFilter" time="12.299"/>
  <testcase classname="src.in.valtech.cl.scenarios.TC_Scenario_01" name="step147_ClickOrderstxtFromSalesIcon" time="13.459"/>
  <testcase classname="src.in.valtech.cl.scenarios.TC_Scenario_01" name="step176_VerifyReturnReceptionConfirmationMailContents" time="6.556"/>
  <testcase classname="src.in.valtech.cl.scenarios.TC_Scenario_01" name="step57_VerifyInitialSaleableStock" time="33.504"/>
  <testcase classname="src.in.valtech.cl.scenarios.TC_Scenario_01" name="step67_VerifyShippingMethod" time="2.232"/>
  <testcase classname="src.in.valtech.cl.scenarios.TC_Scenario_01" name="step143_SelectApprovedOptionFromStatusDropdown" time="4.506"/>
  <testcase classname="src.in.valtech.cl.scenarios.TC_Scenario_01" name="step53_VerifiedDashboardHeaderInBO" time="15.148"/>
  <testcase classname="src.in.valtech.cl.scenarios.TC_Scenario_01" name="step47_VerifyInitialSaleableStock" time="12.189"/>
  <testcase classname="src.in.valtech.cl.scenarios.TC_Scenario_01" name="step89_VerifiedOrderStatusInOrdersPage" time="231.216"/>
  <testcase classname="src.in.valtech.cl.scenarios.TC_Scenario_01" name="step76_VerifiedAndCheckedPaymentPrivacyPolicyCheckbox" time="15.072"/>
  <testcase classname="src.in.valtech.cl.scenarios.TC_Scenario_01" name="step69_ClickOnCreditCardRadioBtnAndVerifyPaymentoptions" time="9.533"/>
  <testcase classname="src.in.valtech.cl.scenarios.TC_Scenario_01" name="step161_ClickOnSalesIcon" time="10.248"/>
  <testcase classname="src.in.valtech.cl.scenarios.TC_Scenario_01" name="step95_ClickOnAcceptBtn" time="44.174"/>
  <testcase classname="src.in.valtech.cl.scenarios.TC_Scenario_01" name="step20_ClickOnShoesSubcategory" time="14.207"/>
  <testcase classname="src.in.valtech.cl.scenarios.TC_Scenario_01" name="step91_OpenNewTabAndNavigatedtoAdyen" time="6.485"/>
  <testcase classname="src.in.valtech.cl.scenarios.TC_Scenario_01" name="step37_VerifyMainThumbnailImg" time="0.169"/>
  <testcase classname="src.in.valtech.cl.scenarios.TC_Scenario_01" name="step133_ClickOnRMALink" time="19.409"/>
  <testcase classname="src.in.valtech.cl.scenarios.TC_Scenario_01" name="step153_ClickOnRefundOrExchangeButton" time="9.530"/>
  <testcase classname="src.in.valtech.cl.scenarios.TC_Scenario_01" name="step33_ClosePDPConfirmationMessagePopUPModal" time="5.249"/>
  <testcase classname="src.in.valtech.cl.scenarios.TC_Scenario_01" name="step23_ClickOnProductImg" time="14.758"/>
  <testcase classname="src.in.valtech.cl.scenarios.TC_Scenario_01" name="step12_VerificationOfAllTxtLnkBtn_InMyAccountModal" time="5.531"/>
  <testcase classname="src.in.valtech.cl.scenarios.TC_Scenario_01" name="step174_VerifyShippingConfirmationMailContents" time="6.861"/>
  <testcase classname="src.in.valtech.cl.scenarios.TC_Scenario_01" name="step68_ClickOnShippingmethodAndContinuePaymentBtn" time="19.632"/>
  <testcase classname="src.in.valtech.cl.scenarios.TC_Scenario_01" name="step60_ClickOnCompletecartLnkAndVerifyDetails_MainCart" time="51.995"/>
  <testcase classname="src.in.valtech.cl.scenarios.TC_Scenario_01" name="step164_SwitchToFOTabAndClickOnMyAccountIcon" time="2.166"/>
  <testcase classname="src.in.valtech.cl.scenarios.TC_Scenario_01" name="step123_CreatingRMAFromFO" time="88.739"/>
  <testcase classname="src.in.valtech.cl.scenarios.TC_Scenario_01" name="step118_NavigatedIntoAdyenAndClickOnPaymentTab" time="64.603"/>
  <testcase classname="src.in.valtech.cl.scenarios.TC_Scenario_01" name="step59_VerifiedAllDetailsInsideMiniCart" time="27.606"/>
  <testcase classname="src.in.valtech.cl.scenarios.TC_Scenario_01" name="step06_VerificationOfHeaderRightIcons" time="0.411"/>
  <testcase classname="src.in.valtech.cl.scenarios.TC_Scenario_01" name="step03_VerificationOfHomepagePictures" time="57.249"/>
  <testcase classname="src.in.valtech.cl.scenarios.TC_Scenario_01" name="step11_ClickMyAccountBtn" time="5.536"/>
  <testcase classname="src.in.valtech.cl.scenarios.TC_Scenario_01" name="step90_EnterOrderIDInBOSearchFld" time="28.391"/>
  <testcase classname="src.in.valtech.cl.scenarios.TC_Scenario_01" name="step116_NavigatedIntoMangetoAndVerifiedOrderStatusInOrdersPage" time="146.555"/>
  <testcase classname="src.in.valtech.cl.scenarios.TC_Scenario_01" name="step125_NavigatedIntoMangetoAndClickOnReturnsFromSales" time="35.350"/>
  <testcase classname="src.in.valtech.cl.scenarios.TC_Scenario_01" name="step101_VerifiedPickingOrderSuccessMsg" time="3.366"/>
  <testcase classname="src.in.valtech.cl.scenarios.TC_Scenario_01" name="step97_VerifiedSaleableStockQntyDecBy1InBOAferPlacingTheOrder" time="80.550"/>
  <testcase classname="src.in.valtech.cl.scenarios.TC_Scenario_01" name="step66_VerifyDefaultValuesinShipping" time="0.167"/>
  <testcase classname="src.in.valtech.cl.scenarios.TC_Scenario_01" name="step18_VerifyAllLeftSideProductSectionsDetailsINMAP" time="0.442"/>
  <testcase classname="src.in.valtech.cl.scenarios.TC_Scenario_01" name="step130_VerifiedOrderStatusInOrdersPage" time="61.976"/>
  <testcase classname="src.in.valtech.cl.scenarios.TC_Scenario_01" name="step120_VerifyOrderTotalAmtIN_adyen" time="0.073"/>
  <testcase classname="src.in.valtech.cl.scenarios.TC_Scenario_01" name="step104_NaviagtedIntoMangetoAndVerifiedOrderStatusInOrdersPage" time="189.681"/>
  <testcase classname="src.in.valtech.cl.scenarios.TC_Scenario_01" name="step111_ClickOnValidateBtn" time="15.875"/>
  <testcase classname="src.in.valtech.cl.scenarios.TC_Scenario_01" name="step30_VerifiedColorSwatches" time="2.203"/>
  <testcase classname="src.in.valtech.cl.scenarios.TC_Scenario_01" name="step159_ClickOrderstxtFromSalesIcon" time="14.187"/>
  <testcase classname="src.in.valtech.cl.scenarios.TC_Scenario_01" name="step40_OpenNewTabAndNavigatedtoWMS" time="6.025"/>
  <testcase classname="src.in.valtech.cl.scenarios.TC_Scenario_01" name="step70_VerifyPaymentSection" time="0.000"/>
  <testcase classname="src.in.valtech.cl.scenarios.TC_Scenario_01" name="step171_VerifyOrderRMAStatusIN_adyen" time="66.258">
    <failure message="Expected condition failed: waiting for presence of element located by: By.xpath: //td[contains(text(),&#039;11000341323&#039;)]//following-sibling::td[5] (tried for 50 second(s) with 500 milliseconds interval)" type="org.openqa.selenium.TimeoutException">
      <![CDATA[org.openqa.selenium.TimeoutException: Expected condition failed: waiting for presence of element located by: By.xpath: //td[contains(text(),'11000341323')]//following-sibling::td[5] (tried for 50 second(s) with 500 milliseconds interval)
	at org.openqa.selenium.support.ui.WebDriverWait.timeoutException(WebDriverWait.java:95)
	at org.openqa.selenium.support.ui.FluentWait.until(FluentWait.java:272)
	at src.in.valtech.custom.CustomFun.waitObjectToLoad(CustomFun.java:308)
	at src.in.valtech.cl.back.pages.AdyenPage.Verify_AdyenOrderIDStatus(AdyenPage.java:297)
	at src.in.valtech.cl.scenarios.TC_Scenario_01.step171_VerifyOrderRMAStatusIN_adyen(TC_Scenario_01.java:1649)
	at java.base/jdk.internal.reflect.NativeMethodAccessorImpl.invoke0(Native Method)
	at java.base/jdk.internal.reflect.NativeMethodAccessorImpl.invoke(NativeMethodAccessorImpl.java:62)
	at java.base/jdk.internal.reflect.DelegatingMethodAccessorImpl.invoke(DelegatingMethodAccessorImpl.java:43)
	at java.base/java.lang.reflect.Method.invoke(Method.java:566)
	at org.testng.internal.MethodInvocationHelper.invokeMethod(MethodInvocationHelper.java:80)
	at org.testng.internal.Invoker.invokeMethod(Invoker.java:714)
	at org.testng.internal.Invoker.invokeTestMethod(Invoker.java:901)
	at org.testng.internal.Invoker.invokeTestMethods(Invoker.java:1231)
	at org.testng.internal.TestMethodWorker.invokeTestMethods(TestMethodWorker.java:127)
	at org.testng.internal.TestMethodWorker.run(TestMethodWorker.java:111)
	at org.testng.TestRunner.privateRun(TestRunner.java:767)
	at org.testng.TestRunner.run(TestRunner.java:617)
	at org.testng.SuiteRunner.runTest(SuiteRunner.java:334)
	at org.testng.SuiteRunner.access$000(SuiteRunner.java:37)
	at org.testng.SuiteRunner$SuiteWorker.run(SuiteRunner.java:368)
	at org.testng.internal.thread.ThreadUtil$2.call(ThreadUtil.java:64)
	at java.base/java.util.concurrent.FutureTask.run(FutureTask.java:264)
	at java.base/java.util.concurrent.ThreadPoolExecutor.runWorker(ThreadPoolExecutor.java:1128)
	at java.base/java.util.concurrent.ThreadPoolExecutor$Worker.run(ThreadPoolExecutor.java:628)
	at java.base/java.lang.Thread.run(Thread.java:834)
Caused by: org.openqa.selenium.NoSuchElementException: no such element: Unable to locate element: {"method":"xpath","selector":"//td[contains(text(),'11000341323')]//following-sibling::td[5]"}
  (Session info: chrome=121.0.6167.185)
For documentation on this error, please visit: https://www.seleniumhq.org/exceptions/no_such_element.html
Build info: version: '3.141.59', revision: 'e82be7d358', time: '2018-11-14T08:17:03'
System info: host: 'IN-PF42S2RF', ip: '192.168.85.57', os.name: 'Windows 10', os.arch: 'amd64', os.version: '10.0', java.version: '11.0.2'
Driver info: org.openqa.selenium.chrome.ChromeDriver
Capabilities {acceptInsecureCerts: false, browserName: chrome, browserVersion: 121.0.6167.185, chrome: {chromedriverVersion: 121.0.6167.85 (3f98d690ad7e..., userDataDir: C:\Users\CHAITR~1.BAB\AppDa...}, fedcm:accounts: true, goog:chromeOptions: {debuggerAddress: localhost:62752}, javascriptEnabled: true, networkConnectionEnabled: false, pageLoadStrategy: normal, platform: WINDOWS, platformName: WINDOWS, proxy: Proxy(), setWindowRect: true, strictFileInteractability: false, timeouts: {implicit: 0, pageLoad: 300000, script: 30000}, unhandledPromptBehavior: dismiss and notify, webauthn:extension:credBlob: true, webauthn:extension:largeBlob: true, webauthn:extension:minPinLength: true, webauthn:extension:prf: true, webauthn:virtualAuthenticators: true}
Session ID: 6ff4f6cd8652b306de1b02bc9eee5892
*** Element info: {Using=xpath, value=//td[contains(text(),'11000341323')]//following-sibling::td[5]}
	at jdk.internal.reflect.GeneratedConstructorAccessor74.newInstance(Unknown Source)
	at java.base/jdk.internal.reflect.DelegatingConstructorAccessorImpl.newInstance(DelegatingConstructorAccessorImpl.java:45)
	at java.base/java.lang.reflect.Constructor.newInstance(Constructor.java:490)
	at org.openqa.selenium.remote.http.W3CHttpResponseCodec.createException(W3CHttpResponseCodec.java:185)
	at org.openqa.selenium.remote.http.W3CHttpResponseCodec.decode(W3CHttpResponseCodec.java:120)
	at org.openqa.selenium.remote.http.W3CHttpResponseCodec.decode(W3CHttpResponseCodec.java:49)
	at org.openqa.selenium.remote.HttpCommandExecutor.execute(HttpCommandExecutor.java:164)
	at org.openqa.selenium.remote.service.DriverCommandExecutor.execute(DriverCommandExecutor.java:83)
	at org.openqa.selenium.remote.RemoteWebDriver.execute(RemoteWebDriver.java:586)
	at org.openqa.selenium.remote.RemoteWebDriver.findElement(RemoteWebDriver.java:356)
	at org.openqa.selenium.remote.RemoteWebDriver.findElementByXPath(RemoteWebDriver.java:458)
	at org.openqa.selenium.By$ByXPath.findElement(By.java:353)
	at org.openqa.selenium.remote.RemoteWebDriver.findElement(RemoteWebDriver.java:348)
	at org.openqa.selenium.support.ui.ExpectedConditions$6.apply(ExpectedConditions.java:182)
	at org.openqa.selenium.support.ui.ExpectedConditions$6.apply(ExpectedConditions.java:179)
	at org.openqa.selenium.support.ui.FluentWait.until(FluentWait.java:249)
	... 23 more
]]>
    </failure>
  </testcase> <!-- step171_VerifyOrderRMAStatusIN_adyen -->
  <testcase classname="src.in.valtech.cl.scenarios.TC_Scenario_01" name="step81_VerifiedProcessingOrderTxt" time="8.458"/>
  <testcase classname="src.in.valtech.cl.scenarios.TC_Scenario_01" name="step46_ClickOnDetailsButton" time="14.249"/>
  <testcase classname="src.in.valtech.cl.scenarios.TC_Scenario_01" name="step64_ClickUpdateBtn" time="5.144"/>
  <testcase classname="src.in.valtech.cl.scenarios.TC_Scenario_01" name="step108_CopySKUIDAndEnterinSearchFeildForScanningProductsInPacking" time="8.481"/>
  <testcase classname="src.in.valtech.cl.scenarios.TC_Scenario_01" name="step148_VerifiedOrderStatusInOrdersPage" time="61.870"/>
  <testcase classname="src.in.valtech.cl.scenarios.TC_Scenario_01" name="step149_ClickOnSalesIcon" time="10.277"/>
  <testcase classname="src.in.valtech.cl.scenarios.TC_Scenario_01" name="step94_ClickOrderIDCheckbox" time="20.068"/>
  <testcase classname="src.in.valtech.cl.scenarios.TC_Scenario_01" name="step106_NavigatedIntoWMSAndClickOnPackingBtn" time="9.443"/>
  <testcase classname="src.in.valtech.cl.scenarios.TC_Scenario_01" name="step175_VerifyReturnRequestConfirmationMailContents" time="6.133"/>
  <testcase classname="src.in.valtech.cl.scenarios.TC_Scenario_01" name="step105_NaviagtedIntoFOAndVerifiedOrderStatusInMyOrdersPage" time="38.682"/>
  <testcase classname="src.in.valtech.cl.scenarios.TC_Scenario_01" name="step122_ClickOnRMAProductReturnBtn" time="42.255"/>
  <testcase classname="src.in.valtech.cl.scenarios.TC_Scenario_01" name="step151_VerifiedOrderStatusInReturnsPage" time="43.679"/>
  <testcase classname="src.in.valtech.cl.scenarios.TC_Scenario_01" name="step50_EnteredUsernameField" time="4.298"/>
  <testcase classname="src.in.valtech.cl.scenarios.TC_Scenario_01" name="step71_Click_DiffShippingAddressFromPayment" time="0.000"/>
  <testcase classname="src.in.valtech.cl.scenarios.TC_Scenario_01" name="step83_ClickMyOrdersLink" time="11.390"/>
  <testcase classname="src.in.valtech.cl.scenarios.TC_Scenario_01" name="step34_ClickonProductInfoAndVerifiedContent" time="13.904"/>
  <testcase classname="src.in.valtech.cl.scenarios.TC_Scenario_01" name="step172_ComparedSeleableStockInWMSAndBOBothAreSameAfterRefundTheOrder" time="129.409"/>
  <testcase classname="src.in.valtech.cl.scenarios.TC_Scenario_01" name="step61_ClickOnProceedToCheckOutCTA" time="23.007"/>
  <testcase classname="src.in.valtech.cl.scenarios.TC_Scenario_01" name="step17_VerifyAllRightSideProductSectionsDetailsINMAP" time="0.254"/>
  <testcase classname="src.in.valtech.cl.scenarios.TC_Scenario_01" name="step145_VerifySuccessMsgForSavedRMARequest" time="0.074"/>
  <testcase classname="src.in.valtech.cl.scenarios.TC_Scenario_01" name="step54_ClickOnCatalogIcon" time="10.191"/>
  <testcase classname="src.in.valtech.cl.scenarios.TC_Scenario_01" name="step88_EnterOrderIDInBOSearchFld" time="22.157"/>
  <testcase classname="src.in.valtech.cl.scenarios.TC_Scenario_01" name="step96_NavigatedIntoMangetoAndVerifiedOrderStatusInOrdersPage" time="161.469"/>
  <testcase classname="src.in.valtech.cl.scenarios.TC_Scenario_01" name="step113_NavigatedIntoMangetoAndVerifiedOrderStatusInOrdersPage" time="89.663"/>
  <testcase classname="src.in.valtech.cl.scenarios.TC_Scenario_01" name="step157_VerifySuccessMsgForCreateCreditMemo" time="5.135"/>
  <testcase classname="src.in.valtech.cl.scenarios.TC_Scenario_01" name="step162_ReturnstxtFromSalesIconClick" time="16.915"/>
  <testcase classname="src.in.valtech.cl.scenarios.TC_Scenario_01" name="step01_NavigatetoCLHomePage" time="98.169"/>
  <testcase classname="src.in.valtech.cl.scenarios.TC_Scenario_01" name="step43_MouseOverElementOnDataListsMenu" time="12.661"/>
  <testcase classname="src.in.valtech.cl.scenarios.TC_Scenario_01" name="step114_NaviagtedIntoFOAndVerifiedOrderStatusInMyOrdersPage" time="23.524"/>
  <testcase classname="src.in.valtech.cl.scenarios.TC_Scenario_01" name="step146_ClickOnSalesIcon" time="10.153"/>
  <testcase classname="src.in.valtech.cl.scenarios.TC_Scenario_01" name="step49_OpenNewTabAndNavigatedtoMagentoBO" time="9.188"/>
  <testcase classname="src.in.valtech.cl.scenarios.TC_Scenario_01" name="step139_VerifiedOrderStatusInReturnsPage" time="68.001"/>
  <testcase classname="src.in.valtech.cl.scenarios.TC_Scenario_01" name="step103_NavigatedIntoWMSAndGetBarcodeFromPickingProcess" time="14.934"/>
  <testcase classname="src.in.valtech.cl.scenarios.TC_Scenario_01" name="step138_ReturnstxtFromSalesIconClick" time="17.133"/>
  <testcase classname="src.in.valtech.cl.scenarios.TC_Scenario_01" name="step168_NavigatedIntoAdyenAndClickOnPaymentTab" time="35.597">
    <failure message="no such element: Unable to locate element: {&quot;method&quot;:&quot;xpath&quot;,&quot;selector&quot;:&quot;//input[@name=&#039;password&#039;]&quot;}
  (Session info: chrome=121.0.6167.185)
For documentation on this error, please visit: https://www.seleniumhq.org/exceptions/no_such_element.html
Build info: version: &#039;3.141.59&#039;, revision: &#039;e82be7d358&#039;, time: &#039;2018-11-14T08:17:03&#039;
System info: host: &#039;IN-PF42S2RF&#039;, ip: &#039;192.168.85.57&#039;, os.name: &#039;Windows 10&#039;, os.arch: &#039;amd64&#039;, os.version: &#039;10.0&#039;, java.version: &#039;11.0.2&#039;
Driver info: org.openqa.selenium.chrome.ChromeDriver
Capabilities {acceptInsecureCerts: false, browserName: chrome, browserVersion: 121.0.6167.185, chrome: {chromedriverVersion: 121.0.6167.85 (3f98d690ad7e..., userDataDir: C:\Users\CHAITR~1.BAB\AppDa...}, fedcm:accounts: true, goog:chromeOptions: {debuggerAddress: localhost:62752}, javascriptEnabled: true, networkConnectionEnabled: false, pageLoadStrategy: normal, platform: WINDOWS, platformName: WINDOWS, proxy: Proxy(), setWindowRect: true, strictFileInteractability: false, timeouts: {implicit: 0, pageLoad: 300000, script: 30000}, unhandledPromptBehavior: dismiss and notify, webauthn:extension:credBlob: true, webauthn:extension:largeBlob: true, webauthn:extension:minPinLength: true, webauthn:extension:prf: true, webauthn:virtualAuthenticators: true}
Session ID: 6ff4f6cd8652b306de1b02bc9eee5892
*** Element info: {Using=xpath, value=//input[@name=&#039;password&#039;]}" type="org.openqa.selenium.NoSuchElementException">
      <![CDATA[org.openqa.selenium.NoSuchElementException: no such element: Unable to locate element: {"method":"xpath","selector":"//input[@name='password']"}
  (Session info: chrome=121.0.6167.185)
For documentation on this error, please visit: https://www.seleniumhq.org/exceptions/no_such_element.html
Build info: version: '3.141.59', revision: 'e82be7d358', time: '2018-11-14T08:17:03'
System info: host: 'IN-PF42S2RF', ip: '192.168.85.57', os.name: 'Windows 10', os.arch: 'amd64', os.version: '10.0', java.version: '11.0.2'
Driver info: org.openqa.selenium.chrome.ChromeDriver
Capabilities {acceptInsecureCerts: false, browserName: chrome, browserVersion: 121.0.6167.185, chrome: {chromedriverVersion: 121.0.6167.85 (3f98d690ad7e..., userDataDir: C:\Users\CHAITR~1.BAB\AppDa...}, fedcm:accounts: true, goog:chromeOptions: {debuggerAddress: localhost:62752}, javascriptEnabled: true, networkConnectionEnabled: false, pageLoadStrategy: normal, platform: WINDOWS, platformName: WINDOWS, proxy: Proxy(), setWindowRect: true, strictFileInteractability: false, timeouts: {implicit: 0, pageLoad: 300000, script: 30000}, unhandledPromptBehavior: dismiss and notify, webauthn:extension:credBlob: true, webauthn:extension:largeBlob: true, webauthn:extension:minPinLength: true, webauthn:extension:prf: true, webauthn:virtualAuthenticators: true}
Session ID: 6ff4f6cd8652b306de1b02bc9eee5892
*** Element info: {Using=xpath, value=//input[@name='password']}
	at jdk.internal.reflect.GeneratedConstructorAccessor74.newInstance(Unknown Source)
	at java.base/jdk.internal.reflect.DelegatingConstructorAccessorImpl.newInstance(DelegatingConstructorAccessorImpl.java:45)
	at java.base/java.lang.reflect.Constructor.newInstance(Constructor.java:490)
	at org.openqa.selenium.remote.http.W3CHttpResponseCodec.createException(W3CHttpResponseCodec.java:185)
	at org.openqa.selenium.remote.http.W3CHttpResponseCodec.decode(W3CHttpResponseCodec.java:120)
	at org.openqa.selenium.remote.http.W3CHttpResponseCodec.decode(W3CHttpResponseCodec.java:49)
	at org.openqa.selenium.remote.HttpCommandExecutor.execute(HttpCommandExecutor.java:164)
	at org.openqa.selenium.remote.service.DriverCommandExecutor.execute(DriverCommandExecutor.java:83)
	at org.openqa.selenium.remote.RemoteWebDriver.execute(RemoteWebDriver.java:586)
	at org.openqa.selenium.remote.RemoteWebDriver.findElement(RemoteWebDriver.java:356)
	at org.openqa.selenium.remote.RemoteWebDriver.findElementByXPath(RemoteWebDriver.java:458)
	at org.openqa.selenium.By$ByXPath.findElement(By.java:353)
	at org.openqa.selenium.remote.RemoteWebDriver.findElement(RemoteWebDriver.java:348)
	at src.in.valtech.cl.scenarios.TC_Scenario_01.step168_NavigatedIntoAdyenAndClickOnPaymentTab(TC_Scenario_01.java:1606)
	at java.base/jdk.internal.reflect.NativeMethodAccessorImpl.invoke0(Native Method)
	at java.base/jdk.internal.reflect.NativeMethodAccessorImpl.invoke(NativeMethodAccessorImpl.java:62)
	at java.base/jdk.internal.reflect.DelegatingMethodAccessorImpl.invoke(DelegatingMethodAccessorImpl.java:43)
	at java.base/java.lang.reflect.Method.invoke(Method.java:566)
	at org.testng.internal.MethodInvocationHelper.invokeMethod(MethodInvocationHelper.java:80)
	at org.testng.internal.Invoker.invokeMethod(Invoker.java:714)
	at org.testng.internal.Invoker.invokeTestMethod(Invoker.java:901)
	at org.testng.internal.Invoker.invokeTestMethods(Invoker.java:1231)
	at org.testng.internal.TestMethodWorker.invokeTestMethods(TestMethodWorker.java:127)
	at org.testng.internal.TestMethodWorker.run(TestMethodWorker.java:111)
	at org.testng.TestRunner.privateRun(TestRunner.java:767)
	at org.testng.TestRunner.run(TestRunner.java:617)
	at org.testng.SuiteRunner.runTest(SuiteRunner.java:334)
	at org.testng.SuiteRunner.access$000(SuiteRunner.java:37)
	at org.testng.SuiteRunner$SuiteWorker.run(SuiteRunner.java:368)
	at org.testng.internal.thread.ThreadUtil$2.call(ThreadUtil.java:64)
	at java.base/java.util.concurrent.FutureTask.run(FutureTask.java:264)
	at java.base/java.util.concurrent.ThreadPoolExecutor.runWorker(ThreadPoolExecutor.java:1128)
	at java.base/java.util.concurrent.ThreadPoolExecutor$Worker.run(ThreadPoolExecutor.java:628)
	at java.base/java.lang.Thread.run(Thread.java:834)
]]>
    </failure>
  </testcase> <!-- step168_NavigatedIntoAdyenAndClickOnPaymentTab -->
  <testcase classname="src.in.valtech.cl.scenarios.TC_Scenario_01" name="step80_VerifiedYourOrderID" time="2.124"/>
  <testcase classname="src.in.valtech.cl.scenarios.TC_Scenario_01" name="step115_NavigatedIntoWMSAndProcessedwithShippingProcess" time="66.440"/>
  <testcase classname="src.in.valtech.cl.scenarios.TC_Scenario_01" name="step137_NavigatedIntoMangetoAndVerifiedOrderStatusInOrdersPage" time="12.239"/>
  <testcase classname="src.in.valtech.cl.scenarios.TC_Scenario_01" name="step26_VerifiedProductBrandNametxtInPDP" time="2.154"/>
  <testcase classname="src.in.valtech.cl.scenarios.TC_Scenario_01" name="step82_ClickMyAccountBtn" time="11.100"/>
  <testcase classname="src.in.valtech.cl.scenarios.TC_Scenario_01" name="step107_EnteredBarcodeAndSearchForPacking" time="19.714"/>
  <testcase classname="src.in.valtech.cl.scenarios.TC_Scenario_01" name="step98_VerifySaleableStockDecBy1InWMSAferPlacingTheOrder" time="47.818"/>
  <testcase classname="src.in.valtech.cl.scenarios.TC_Scenario_01" name="step112_ClickOnHomePopupBtn" time="7.244"/>
  <testcase classname="src.in.valtech.cl.scenarios.TC_Scenario_01" name="step19_MouseOverOnMenHeaderNavigation" time="0.946"/>
  <testcase classname="src.in.valtech.cl.scenarios.TC_Scenario_01" name="step75_EnteredCardHolderField" time="0.483"/>
  <testcase classname="src.in.valtech.cl.scenarios.TC_Scenario_01" name="step156_ClickOnRefundButtonInNewMemoPage" time="17.155"/>
  <testcase classname="src.in.valtech.cl.scenarios.TC_Scenario_01" name="step65_ClickonExistingAdressinShipping" time="0.490"/>
  <testcase classname="src.in.valtech.cl.scenarios.TC_Scenario_01" name="step21_ClickOnFilterButtonFromPLP" time="5.342"/>
  <testcase classname="src.in.valtech.cl.scenarios.TC_Scenario_01" name="step126_ClickONFiltersAndEnterRMAID" time="475.184"/>
  <testcase classname="src.in.valtech.cl.scenarios.TC_Scenario_01" name="step27_VerifiedAddtoCartbtnInPDP" time="0.112"/>
  <testcase classname="src.in.valtech.cl.scenarios.TC_Scenario_01" name="step93_ClickCaseMgmtOPtionINAdyen" time="21.711"/>
  <testcase classname="src.in.valtech.cl.scenarios.TC_Scenario_01" name="step140_ClickonViewOptioninOrderGrid" time="10.554"/>
  <testcase classname="src.in.valtech.cl.scenarios.TC_Scenario_01" name="step72_EnteredCreditNumberField" time="2.536"/>
  <testcase classname="src.in.valtech.cl.scenarios.TC_Scenario_01" name="step77_ClickOnProceedButton" time="11.173"/>
  <testcase classname="src.in.valtech.cl.scenarios.TC_Scenario_01" name="step42_ClickOnOKbutton" time="12.258"/>
  <testcase classname="src.in.valtech.cl.scenarios.TC_Scenario_01" name="step86_NavigatedBackToBOAndClickOnSalesIcon" time="12.254"/>
  <testcase classname="src.in.valtech.cl.scenarios.TC_Scenario_01" name="step04_VerificationOfProductWidgets" time="0.396"/>
  <testcase classname="src.in.valtech.cl.scenarios.TC_Scenario_01" name="step62_VerifyGiftHeadertextAndDefaultGiftWrapSelected" time="0.124"/>
  <testcase classname="src.in.valtech.cl.scenarios.TC_Scenario_01" name="step73_EnteredExpiryDateField" time="4.349"/>
  <testcase classname="src.in.valtech.cl.scenarios.TC_Scenario_01" name="step36_ClickonShippingAndVerifiedContent" time="5.857"/>
  <testcase classname="src.in.valtech.cl.scenarios.TC_Scenario_01" name="step150_ReturnstxtFromSalesIconClick" time="17.880"/>
  <testcase classname="src.in.valtech.cl.scenarios.TC_Scenario_01" name="step134_EnterRMAID_SearchForOrderDetails_ClickOnReceptionButton" time="541.481"/>
  <testcase classname="src.in.valtech.cl.scenarios.TC_Scenario_01" name="step109_ClickOnCompletePackingBtn" time="22.225"/>
  <testcase classname="src.in.valtech.cl.scenarios.TC_Scenario_01" name="step131_NaviagtedIntoFOAndVerifiedOrderStatusInMyOrdersPage" time="23.476"/>
  <testcase classname="src.in.valtech.cl.scenarios.TC_Scenario_01" name="step48_VerifyReservedStock" time="10.071"/>
  <testcase classname="src.in.valtech.cl.scenarios.TC_Scenario_01" name="step173_VerifiedOrderConfirmationMailAndSubjectLineInCustomerGmailAccount" time="6.950"/>
  <testcase classname="src.in.valtech.cl.scenarios.TC_Scenario_01" name="step152_ClickonViewOptioninOrderGrid" time="15.011"/>
  <testcase classname="src.in.valtech.cl.scenarios.TC_Scenario_01" name="step165_ClickOnMyOrdersLink" time="16.490"/>
  <testcase classname="src.in.valtech.cl.scenarios.TC_Scenario_01" name="step29_VerifiedContactUslink" time="0.091"/>
  <testcase classname="src.in.valtech.cl.scenarios.TC_Scenario_01" name="step15_ClickOnSignInBtn" time="61.042"/>
  <testcase classname="src.in.valtech.cl.scenarios.TC_Scenario_01" name="step119_EnterOrderIDinPaymentTab_adyen" time="14.836"/>
  <testcase classname="src.in.valtech.cl.scenarios.TC_Scenario_01" name="step135_ExecuteRMAProcessinWMS" time="36.204"/>
  <testcase classname="src.in.valtech.cl.scenarios.TC_Scenario_01" name="step58_ClickOnMinicartIcon" time="9.839"/>
  <testcase classname="src.in.valtech.cl.scenarios.TC_Scenario_01" name="step56_SearchForProductSeleableStockInBO" time="28.839"/>
  <testcase classname="src.in.valtech.cl.scenarios.TC_Scenario_01" name="step05_VerificationOfHeaderNavigationText" time="3.452"/>
  <testcase classname="src.in.valtech.cl.scenarios.TC_Scenario_01" name="step154_ClearQuntAndClickOnUpdateQTY_CreditMemo" time="7.187"/>
  <testcase classname="src.in.valtech.cl.scenarios.TC_Scenario_01" name="step38_ClickonAddToCartButton" time="7.935"/>
  <testcase classname="src.in.valtech.cl.scenarios.TC_Scenario_01" name="step170_VerifyOrderTotalAmtIN_adyen" time="20.087">
    <failure message="no such element: Unable to locate element: {&quot;method&quot;:&quot;xpath&quot;,&quot;selector&quot;:&quot;//td[contains(text(),&#039;11000341323&#039;)]//following-sibling::td[3]&quot;}
  (Session info: chrome=121.0.6167.185)
For documentation on this error, please visit: https://www.seleniumhq.org/exceptions/no_such_element.html
Build info: version: &#039;3.141.59&#039;, revision: &#039;e82be7d358&#039;, time: &#039;2018-11-14T08:17:03&#039;
System info: host: &#039;IN-PF42S2RF&#039;, ip: &#039;192.168.85.57&#039;, os.name: &#039;Windows 10&#039;, os.arch: &#039;amd64&#039;, os.version: &#039;10.0&#039;, java.version: &#039;11.0.2&#039;
Driver info: org.openqa.selenium.chrome.ChromeDriver
Capabilities {acceptInsecureCerts: false, browserName: chrome, browserVersion: 121.0.6167.185, chrome: {chromedriverVersion: 121.0.6167.85 (3f98d690ad7e..., userDataDir: C:\Users\CHAITR~1.BAB\AppDa...}, fedcm:accounts: true, goog:chromeOptions: {debuggerAddress: localhost:62752}, javascriptEnabled: true, networkConnectionEnabled: false, pageLoadStrategy: normal, platform: WINDOWS, platformName: WINDOWS, proxy: Proxy(), setWindowRect: true, strictFileInteractability: false, timeouts: {implicit: 0, pageLoad: 300000, script: 30000}, unhandledPromptBehavior: dismiss and notify, webauthn:extension:credBlob: true, webauthn:extension:largeBlob: true, webauthn:extension:minPinLength: true, webauthn:extension:prf: true, webauthn:virtualAuthenticators: true}
Session ID: 6ff4f6cd8652b306de1b02bc9eee5892
*** Element info: {Using=xpath, value=//td[contains(text(),&#039;11000341323&#039;)]//following-sibling::td[3]}" type="org.openqa.selenium.NoSuchElementException">
      <![CDATA[org.openqa.selenium.NoSuchElementException: no such element: Unable to locate element: {"method":"xpath","selector":"//td[contains(text(),'11000341323')]//following-sibling::td[3]"}
  (Session info: chrome=121.0.6167.185)
For documentation on this error, please visit: https://www.seleniumhq.org/exceptions/no_such_element.html
Build info: version: '3.141.59', revision: 'e82be7d358', time: '2018-11-14T08:17:03'
System info: host: 'IN-PF42S2RF', ip: '192.168.85.57', os.name: 'Windows 10', os.arch: 'amd64', os.version: '10.0', java.version: '11.0.2'
Driver info: org.openqa.selenium.chrome.ChromeDriver
Capabilities {acceptInsecureCerts: false, browserName: chrome, browserVersion: 121.0.6167.185, chrome: {chromedriverVersion: 121.0.6167.85 (3f98d690ad7e..., userDataDir: C:\Users\CHAITR~1.BAB\AppDa...}, fedcm:accounts: true, goog:chromeOptions: {debuggerAddress: localhost:62752}, javascriptEnabled: true, networkConnectionEnabled: false, pageLoadStrategy: normal, platform: WINDOWS, platformName: WINDOWS, proxy: Proxy(), setWindowRect: true, strictFileInteractability: false, timeouts: {implicit: 0, pageLoad: 300000, script: 30000}, unhandledPromptBehavior: dismiss and notify, webauthn:extension:credBlob: true, webauthn:extension:largeBlob: true, webauthn:extension:minPinLength: true, webauthn:extension:prf: true, webauthn:virtualAuthenticators: true}
Session ID: 6ff4f6cd8652b306de1b02bc9eee5892
*** Element info: {Using=xpath, value=//td[contains(text(),'11000341323')]//following-sibling::td[3]}
	at jdk.internal.reflect.GeneratedConstructorAccessor74.newInstance(Unknown Source)
	at java.base/jdk.internal.reflect.DelegatingConstructorAccessorImpl.newInstance(DelegatingConstructorAccessorImpl.java:45)
	at java.base/java.lang.reflect.Constructor.newInstance(Constructor.java:490)
	at org.openqa.selenium.remote.http.W3CHttpResponseCodec.createException(W3CHttpResponseCodec.java:185)
	at org.openqa.selenium.remote.http.W3CHttpResponseCodec.decode(W3CHttpResponseCodec.java:120)
	at org.openqa.selenium.remote.http.W3CHttpResponseCodec.decode(W3CHttpResponseCodec.java:49)
	at org.openqa.selenium.remote.HttpCommandExecutor.execute(HttpCommandExecutor.java:164)
	at org.openqa.selenium.remote.service.DriverCommandExecutor.execute(DriverCommandExecutor.java:83)
	at org.openqa.selenium.remote.RemoteWebDriver.execute(RemoteWebDriver.java:586)
	at org.openqa.selenium.remote.RemoteWebDriver.findElement(RemoteWebDriver.java:356)
	at org.openqa.selenium.remote.RemoteWebDriver.findElementByXPath(RemoteWebDriver.java:458)
	at org.openqa.selenium.By$ByXPath.findElement(By.java:353)
	at org.openqa.selenium.remote.RemoteWebDriver.findElement(RemoteWebDriver.java:348)
	at src.in.valtech.cl.back.pages.AdyenPage.Verify_AdyenOrderAmount(AdyenPage.java:279)
	at src.in.valtech.cl.scenarios.TC_Scenario_01.step170_VerifyOrderTotalAmtIN_adyen(TC_Scenario_01.java:1642)
	at java.base/jdk.internal.reflect.NativeMethodAccessorImpl.invoke0(Native Method)
	at java.base/jdk.internal.reflect.NativeMethodAccessorImpl.invoke(NativeMethodAccessorImpl.java:62)
	at java.base/jdk.internal.reflect.DelegatingMethodAccessorImpl.invoke(DelegatingMethodAccessorImpl.java:43)
	at java.base/java.lang.reflect.Method.invoke(Method.java:566)
	at org.testng.internal.MethodInvocationHelper.invokeMethod(MethodInvocationHelper.java:80)
	at org.testng.internal.Invoker.invokeMethod(Invoker.java:714)
	at org.testng.internal.Invoker.invokeTestMethod(Invoker.java:901)
	at org.testng.internal.Invoker.invokeTestMethods(Invoker.java:1231)
	at org.testng.internal.TestMethodWorker.invokeTestMethods(TestMethodWorker.java:127)
	at org.testng.internal.TestMethodWorker.run(TestMethodWorker.java:111)
	at org.testng.TestRunner.privateRun(TestRunner.java:767)
	at org.testng.TestRunner.run(TestRunner.java:617)
	at org.testng.SuiteRunner.runTest(SuiteRunner.java:334)
	at org.testng.SuiteRunner.access$000(SuiteRunner.java:37)
	at org.testng.SuiteRunner$SuiteWorker.run(SuiteRunner.java:368)
	at org.testng.internal.thread.ThreadUtil$2.call(ThreadUtil.java:64)
	at java.base/java.util.concurrent.FutureTask.run(FutureTask.java:264)
	at java.base/java.util.concurrent.ThreadPoolExecutor.runWorker(ThreadPoolExecutor.java:1128)
	at java.base/java.util.concurrent.ThreadPoolExecutor$Worker.run(ThreadPoolExecutor.java:628)
	at java.base/java.lang.Thread.run(Thread.java:834)
]]>
    </failure>
  </testcase> <!-- step170_VerifyOrderTotalAmtIN_adyen -->
  <testcase classname="src.in.valtech.cl.scenarios.TC_Scenario_01" name="step78_VerifiedSuccessMsgAfterPlacingOrder" time="8.629"/>
  <testcase classname="src.in.valtech.cl.scenarios.TC_Scenario_01" name="step51_EnteredPasswordField" time="4.217"/>
  <testcase classname="src.in.valtech.cl.scenarios.TC_Scenario_01" name="step55_ClickProductstxtFromCatalogIcon" time="24.145"/>
  <testcase classname="src.in.valtech.cl.scenarios.TC_Scenario_01" name="step117_NaviagtedIntoFOAndVerifiedOrderStatusInMyOrdersPage" time="19.531"/>
  <testcase classname="src.in.valtech.cl.scenarios.TC_Scenario_01" name="step16_VerifyConsentChecbox" time="0.016"/>
  <testcase classname="src.in.valtech.cl.scenarios.TC_Scenario_01" name="step160_VerifiedOrderStatusInOrdersPage" time="86.988"/>
  <testcase classname="src.in.valtech.cl.scenarios.TC_Scenario_01" name="step92_LoggedIntoAdyen" time="43.429"/>
  <testcase classname="src.in.valtech.cl.scenarios.TC_Scenario_01" name="step128_ClickOnSalesIcon" time="10.171"/>
  <testcase classname="src.in.valtech.cl.scenarios.TC_Scenario_01" name="step25_VerifiedProductPriceinPDP" time="2.151"/>
  <testcase classname="src.in.valtech.cl.scenarios.TC_Scenario_01" name="step155_EnterShippingFeeAndClickOnUpdate_CreditMemo" time="15.399"/>
  <testcase classname="src.in.valtech.cl.scenarios.TC_Scenario_01" name="step02_VerificationOfHomepageLogo" time="1.213"/>
  <testcase classname="src.in.valtech.cl.scenarios.TC_Scenario_01" name="step35_ClickonProductCareAndVerifiedContent" time="5.530"/>
  <testcase classname="src.in.valtech.cl.scenarios.TC_Scenario_01" name="step163_VerifiedOrderStatusInReturnsPage" time="43.000"/>
  <testcase classname="src.in.valtech.cl.scenarios.TC_Scenario_01" name="step74_EnteredCVVField" time="2.317"/>
  <testcase classname="src.in.valtech.cl.scenarios.TC_Scenario_01" name="step24_VerifiedProductNameinPDP" time="2.196"/>
  <testcase classname="src.in.valtech.cl.scenarios.TC_Scenario_01" name="step14_EnterPasswordInLogin" time="4.904"/>
  <testcase classname="src.in.valtech.cl.scenarios.TC_Scenario_01" name="step177_VerifyCreditMemoConfirmationMailContents" time="6.479"/>
</testsuite> <!-- src.in.valtech.cl.scenarios.TC_Scenario_01 -->
