<?xml version="1.0" encoding="UTF-8"?>
<!-- Generated by org.testng.reporters.JUnitReportReporter -->
<testsuite hostname="IN-PF42S2RF" failures="7" tests="197" name="src.in.valtech.cl.scenarios.TC_Scenario_04" time="4724.401" errors="0" timestamp="19 Feb 2024 13:52:16 GMT">
  <testcase classname="src.in.valtech.cl.scenarios.TC_Scenario_04" name="step90_ComparedSeleableStockInWMSAndBOBothAreSame" time="92.322"/>
  <testcase classname="src.in.valtech.cl.scenarios.TC_Scenario_04" name="step119_ClickOnCreateReturnsButton" time="8.868"/>
  <testcase classname="src.in.valtech.cl.scenarios.TC_Scenario_04" name="step53_ClickUpdateBtn" time="5.278"/>
  <testcase classname="src.in.valtech.cl.scenarios.TC_Scenario_04" name="step188_VerifySuccessMsgForCreatedOrderForRMAOfflineRequest" time="0.080"/>
  <testcase classname="src.in.valtech.cl.scenarios.TC_Scenario_04" name="step153_ClickOnSalesIcon" time="10.136"/>
  <testcase classname="src.in.valtech.cl.scenarios.TC_Scenario_04" name="step25_OpenNewTabAndNavigatedtoWMS" time="5.451"/>
  <testcase classname="src.in.valtech.cl.scenarios.TC_Scenario_04" name="step22_ClickOnProductImg" time="14.087"/>
  <testcase classname="src.in.valtech.cl.scenarios.TC_Scenario_04" name="step93_VerifiedGiftMsg_INPicking" time="0.001"/>
  <testcase classname="src.in.valtech.cl.scenarios.TC_Scenario_04" name="step129_SelectOptionFromResolutionDropdown" time="2.185"/>
  <testcase classname="src.in.valtech.cl.scenarios.TC_Scenario_04" name="step95_NaviagtedIntoMangetoAndVerifiedOrderStatusInOrdersPage" time="189.937"/>
  <testcase classname="src.in.valtech.cl.scenarios.TC_Scenario_04" name="step87_NavigatedIntoMangetoAndVerifiedOrderStatusInOrdersPage" time="121.233"/>
  <testcase classname="src.in.valtech.cl.scenarios.TC_Scenario_04" name="step164_VerifiedOrderStatusInOrdersPage" time="74.465"/>
  <testcase classname="src.in.valtech.cl.scenarios.TC_Scenario_04" name="step61_VerifiedMyBAandSABothSame_CheckboxIsAutoSelected" time="0.000"/>
  <testcase classname="src.in.valtech.cl.scenarios.TC_Scenario_04" name="step98_EnteredBarcodeAndSearchForPacking" time="19.499"/>
  <testcase classname="src.in.valtech.cl.scenarios.TC_Scenario_04" name="step150_NavigatedIntoMangetoAndClickOnSalesIcon" time="12.294"/>
  <testcase classname="src.in.valtech.cl.scenarios.TC_Scenario_04" name="step151_ClickOrderstxtFromSalesIcon" time="14.204"/>
  <testcase classname="src.in.valtech.cl.scenarios.TC_Scenario_04" name="step154_ReturnstxtFromSalesIconClick" time="16.869"/>
  <testcase classname="src.in.valtech.cl.scenarios.TC_Scenario_04" name="step91_PickingOrderProcess" time="69.490"/>
  <testcase classname="src.in.valtech.cl.scenarios.TC_Scenario_04" name="step193_VerifiedOrderStatusInMyOrdersPage" time="20.095">
    <failure message="no such element: Unable to locate element: {&quot;method&quot;:&quot;xpath&quot;,&quot;selector&quot;:&quot;//*[contains(text(),&#039;eturns&#039;)]/..//p[contains(@class, &#039;status&#039;)]&quot;}
  (Session info: chrome=121.0.6167.185)
For documentation on this error, please visit: https://www.seleniumhq.org/exceptions/no_such_element.html
Build info: version: &#039;3.141.59&#039;, revision: &#039;e82be7d358&#039;, time: &#039;2018-11-14T08:17:03&#039;
System info: host: &#039;IN-PF42S2RF&#039;, ip: &#039;192.168.85.57&#039;, os.name: &#039;Windows 10&#039;, os.arch: &#039;amd64&#039;, os.version: &#039;10.0&#039;, java.version: &#039;11.0.2&#039;
Driver info: org.openqa.selenium.chrome.ChromeDriver
Capabilities {acceptInsecureCerts: false, browserName: chrome, browserVersion: 121.0.6167.185, chrome: {chromedriverVersion: 121.0.6167.85 (3f98d690ad7e..., userDataDir: C:\Users\CHAITR~1.BAB\AppDa...}, fedcm:accounts: true, goog:chromeOptions: {debuggerAddress: localhost:62754}, javascriptEnabled: true, networkConnectionEnabled: false, pageLoadStrategy: normal, platform: WINDOWS, platformName: WINDOWS, proxy: Proxy(), setWindowRect: true, strictFileInteractability: false, timeouts: {implicit: 0, pageLoad: 300000, script: 30000}, unhandledPromptBehavior: dismiss and notify, webauthn:extension:credBlob: true, webauthn:extension:largeBlob: true, webauthn:extension:minPinLength: true, webauthn:extension:prf: true, webauthn:virtualAuthenticators: true}
Session ID: 3cad653692e99c49614d0518f293eecb
*** Element info: {Using=xpath, value=//*[contains(text(),&#039;eturns&#039;)]/..//p[contains(@class, &#039;status&#039;)]}" type="org.openqa.selenium.NoSuchElementException">
      <![CDATA[org.openqa.selenium.NoSuchElementException: no such element: Unable to locate element: {"method":"xpath","selector":"//*[contains(text(),'eturns')]/..//p[contains(@class, 'status')]"}
  (Session info: chrome=121.0.6167.185)
For documentation on this error, please visit: https://www.seleniumhq.org/exceptions/no_such_element.html
Build info: version: '3.141.59', revision: 'e82be7d358', time: '2018-11-14T08:17:03'
System info: host: 'IN-PF42S2RF', ip: '192.168.85.57', os.name: 'Windows 10', os.arch: 'amd64', os.version: '10.0', java.version: '11.0.2'
Driver info: org.openqa.selenium.chrome.ChromeDriver
Capabilities {acceptInsecureCerts: false, browserName: chrome, browserVersion: 121.0.6167.185, chrome: {chromedriverVersion: 121.0.6167.85 (3f98d690ad7e..., userDataDir: C:\Users\CHAITR~1.BAB\AppDa...}, fedcm:accounts: true, goog:chromeOptions: {debuggerAddress: localhost:62754}, javascriptEnabled: true, networkConnectionEnabled: false, pageLoadStrategy: normal, platform: WINDOWS, platformName: WINDOWS, proxy: Proxy(), setWindowRect: true, strictFileInteractability: false, timeouts: {implicit: 0, pageLoad: 300000, script: 30000}, unhandledPromptBehavior: dismiss and notify, webauthn:extension:credBlob: true, webauthn:extension:largeBlob: true, webauthn:extension:minPinLength: true, webauthn:extension:prf: true, webauthn:virtualAuthenticators: true}
Session ID: 3cad653692e99c49614d0518f293eecb
*** Element info: {Using=xpath, value=//*[contains(text(),'eturns')]/..//p[contains(@class, 'status')]}
	at jdk.internal.reflect.GeneratedConstructorAccessor74.newInstance(Unknown Source)
	at java.base/jdk.internal.reflect.DelegatingConstructorAccessorImpl.newInstance(DelegatingConstructorAccessorImpl.java:45)
	at java.base/java.lang.reflect.Constructor.newInstance(Constructor.java:490)
	at org.openqa.selenium.remote.http.W3CHttpResponseCodec.createException(W3CHttpResponseCodec.java:185)
	at org.openqa.selenium.remote.http.W3CHttpResponseCodec.decode(W3CHttpResponseCodec.java:120)
	at org.openqa.selenium.remote.http.W3CHttpResponseCodec.decode(W3CHttpResponseCodec.java:49)
	at org.openqa.selenium.remote.HttpCommandExecutor.execute(HttpCommandExecutor.java:164)
	at org.openqa.selenium.remote.service.DriverCommandExecutor.execute(DriverCommandExecutor.java:83)
	at org.openqa.selenium.remote.RemoteWebDriver.execute(RemoteWebDriver.java:586)
	at org.openqa.selenium.remote.RemoteWebDriver.findElement(RemoteWebDriver.java:356)
	at org.openqa.selenium.remote.RemoteWebDriver.findElementByXPath(RemoteWebDriver.java:458)
	at org.openqa.selenium.By$ByXPath.findElement(By.java:353)
	at org.openqa.selenium.remote.RemoteWebDriver.findElement(RemoteWebDriver.java:348)
	at src.in.valtech.cl.front.pages.MyAccountPage.VerifyOrderStatus(MyAccountPage.java:260)
	at src.in.valtech.cl.scenarios.TC_Scenario_04.step193_VerifiedOrderStatusInMyOrdersPage(TC_Scenario_04.java:1831)
	at java.base/jdk.internal.reflect.NativeMethodAccessorImpl.invoke0(Native Method)
	at java.base/jdk.internal.reflect.NativeMethodAccessorImpl.invoke(NativeMethodAccessorImpl.java:62)
	at java.base/jdk.internal.reflect.DelegatingMethodAccessorImpl.invoke(DelegatingMethodAccessorImpl.java:43)
	at java.base/java.lang.reflect.Method.invoke(Method.java:566)
	at org.testng.internal.MethodInvocationHelper.invokeMethod(MethodInvocationHelper.java:80)
	at org.testng.internal.Invoker.invokeMethod(Invoker.java:714)
	at org.testng.internal.Invoker.invokeTestMethod(Invoker.java:901)
	at org.testng.internal.Invoker.invokeTestMethods(Invoker.java:1231)
	at org.testng.internal.TestMethodWorker.invokeTestMethods(TestMethodWorker.java:127)
	at org.testng.internal.TestMethodWorker.run(TestMethodWorker.java:111)
	at org.testng.TestRunner.privateRun(TestRunner.java:767)
	at org.testng.TestRunner.run(TestRunner.java:617)
	at org.testng.SuiteRunner.runTest(SuiteRunner.java:334)
	at org.testng.SuiteRunner.access$000(SuiteRunner.java:37)
	at org.testng.SuiteRunner$SuiteWorker.run(SuiteRunner.java:368)
	at org.testng.internal.thread.ThreadUtil$2.call(ThreadUtil.java:64)
	at java.base/java.util.concurrent.FutureTask.run(FutureTask.java:264)
	at java.base/java.util.concurrent.ThreadPoolExecutor.runWorker(ThreadPoolExecutor.java:1128)
	at java.base/java.util.concurrent.ThreadPoolExecutor$Worker.run(ThreadPoolExecutor.java:628)
	at java.base/java.lang.Thread.run(Thread.java:834)
]]>
    </failure>
  </testcase> <!-- step193_VerifiedOrderStatusInMyOrdersPage -->
  <testcase classname="src.in.valtech.cl.scenarios.TC_Scenario_04" name="step178_EnterSKUIDINAddPctsBySKUFld" time="4.293"/>
  <testcase classname="src.in.valtech.cl.scenarios.TC_Scenario_04" name="step89_VerifySaleableStockDecBy1InWMSAferPlacingTheOrder" time="36.210"/>
  <testcase classname="src.in.valtech.cl.scenarios.TC_Scenario_04" name="step58_ClickOnContinuetopaymentbtn" time="7.594"/>
  <testcase classname="src.in.valtech.cl.scenarios.TC_Scenario_04" name="step159_SelectApprovedOptionFromStatusDropdown" time="2.198"/>
  <testcase classname="src.in.valtech.cl.scenarios.TC_Scenario_04" name="step186_Click_SubmitOrderForExchange_BtnForRefundoffline" time="10.204"/>
  <testcase classname="src.in.valtech.cl.scenarios.TC_Scenario_04" name="step139_VerifiedOrderStatusInReturnsPage" time="114.735"/>
  <testcase classname="src.in.valtech.cl.scenarios.TC_Scenario_04" name="step160_ClickOnSaveButton" time="12.237"/>
  <testcase classname="src.in.valtech.cl.scenarios.TC_Scenario_04" name="step180_ClickOnAddToOrderBtn" time="15.679"/>
  <testcase classname="src.in.valtech.cl.scenarios.TC_Scenario_04" name="step125_ClickOnAddSelProdToReturnsBtn" time="15.188"/>
  <testcase classname="src.in.valtech.cl.scenarios.TC_Scenario_04" name="step138_VerifySuccessMsgForRMAAddressUpdate" time="11.322"/>
  <testcase classname="src.in.valtech.cl.scenarios.TC_Scenario_04" name="step128_SelectOptionFromItemConditionDropdown" time="2.391"/>
  <testcase classname="src.in.valtech.cl.scenarios.TC_Scenario_04" name="step198_ComparedSeleableStockInWMSAndBOBothAreSameAfterRefundTheOrder" time="124.335"/>
  <testcase classname="src.in.valtech.cl.scenarios.TC_Scenario_04" name="step141_ClickOnSalesIcon" time="10.147"/>
  <testcase classname="src.in.valtech.cl.scenarios.TC_Scenario_04" name="step19_VerifiedPDPConfirmationMessagePopUPModal" time="7.244"/>
  <testcase classname="src.in.valtech.cl.scenarios.TC_Scenario_04" name="step190_RefreshAndVerifyOrderStatusInOrdersPage" time="122.378">
    <failure message="no such element: Unable to locate element: {&quot;method&quot;:&quot;xpath&quot;,&quot;selector&quot;:&quot;//div[contains(text(),&#039;eturns&#039;)]/../following-sibling::td[contains(@class,&#039;status&#039;)]//div&quot;}
  (Session info: chrome=121.0.6167.185)
For documentation on this error, please visit: https://www.seleniumhq.org/exceptions/no_such_element.html
Build info: version: &#039;3.141.59&#039;, revision: &#039;e82be7d358&#039;, time: &#039;2018-11-14T08:17:03&#039;
System info: host: &#039;IN-PF42S2RF&#039;, ip: &#039;192.168.85.57&#039;, os.name: &#039;Windows 10&#039;, os.arch: &#039;amd64&#039;, os.version: &#039;10.0&#039;, java.version: &#039;11.0.2&#039;
Driver info: org.openqa.selenium.chrome.ChromeDriver
Capabilities {acceptInsecureCerts: false, browserName: chrome, browserVersion: 121.0.6167.185, chrome: {chromedriverVersion: 121.0.6167.85 (3f98d690ad7e..., userDataDir: C:\Users\CHAITR~1.BAB\AppDa...}, fedcm:accounts: true, goog:chromeOptions: {debuggerAddress: localhost:62754}, javascriptEnabled: true, networkConnectionEnabled: false, pageLoadStrategy: normal, platform: WINDOWS, platformName: WINDOWS, proxy: Proxy(), setWindowRect: true, strictFileInteractability: false, timeouts: {implicit: 0, pageLoad: 300000, script: 30000}, unhandledPromptBehavior: dismiss and notify, webauthn:extension:credBlob: true, webauthn:extension:largeBlob: true, webauthn:extension:minPinLength: true, webauthn:extension:prf: true, webauthn:virtualAuthenticators: true}
Session ID: 3cad653692e99c49614d0518f293eecb
*** Element info: {Using=xpath, value=//div[contains(text(),&#039;eturns&#039;)]/../following-sibling::td[contains(@class,&#039;status&#039;)]//div}" type="org.openqa.selenium.NoSuchElementException">
      <![CDATA[org.openqa.selenium.NoSuchElementException: no such element: Unable to locate element: {"method":"xpath","selector":"//div[contains(text(),'eturns')]/../following-sibling::td[contains(@class,'status')]//div"}
  (Session info: chrome=121.0.6167.185)
For documentation on this error, please visit: https://www.seleniumhq.org/exceptions/no_such_element.html
Build info: version: '3.141.59', revision: 'e82be7d358', time: '2018-11-14T08:17:03'
System info: host: 'IN-PF42S2RF', ip: '192.168.85.57', os.name: 'Windows 10', os.arch: 'amd64', os.version: '10.0', java.version: '11.0.2'
Driver info: org.openqa.selenium.chrome.ChromeDriver
Capabilities {acceptInsecureCerts: false, browserName: chrome, browserVersion: 121.0.6167.185, chrome: {chromedriverVersion: 121.0.6167.85 (3f98d690ad7e..., userDataDir: C:\Users\CHAITR~1.BAB\AppDa...}, fedcm:accounts: true, goog:chromeOptions: {debuggerAddress: localhost:62754}, javascriptEnabled: true, networkConnectionEnabled: false, pageLoadStrategy: normal, platform: WINDOWS, platformName: WINDOWS, proxy: Proxy(), setWindowRect: true, strictFileInteractability: false, timeouts: {implicit: 0, pageLoad: 300000, script: 30000}, unhandledPromptBehavior: dismiss and notify, webauthn:extension:credBlob: true, webauthn:extension:largeBlob: true, webauthn:extension:minPinLength: true, webauthn:extension:prf: true, webauthn:virtualAuthenticators: true}
Session ID: 3cad653692e99c49614d0518f293eecb
*** Element info: {Using=xpath, value=//div[contains(text(),'eturns')]/../following-sibling::td[contains(@class,'status')]//div}
	at jdk.internal.reflect.GeneratedConstructorAccessor74.newInstance(Unknown Source)
	at java.base/jdk.internal.reflect.DelegatingConstructorAccessorImpl.newInstance(DelegatingConstructorAccessorImpl.java:45)
	at java.base/java.lang.reflect.Constructor.newInstance(Constructor.java:490)
	at org.openqa.selenium.remote.http.W3CHttpResponseCodec.createException(W3CHttpResponseCodec.java:185)
	at org.openqa.selenium.remote.http.W3CHttpResponseCodec.decode(W3CHttpResponseCodec.java:120)
	at org.openqa.selenium.remote.http.W3CHttpResponseCodec.decode(W3CHttpResponseCodec.java:49)
	at org.openqa.selenium.remote.HttpCommandExecutor.execute(HttpCommandExecutor.java:164)
	at org.openqa.selenium.remote.service.DriverCommandExecutor.execute(DriverCommandExecutor.java:83)
	at org.openqa.selenium.remote.RemoteWebDriver.execute(RemoteWebDriver.java:586)
	at org.openqa.selenium.remote.RemoteWebDriver.findElement(RemoteWebDriver.java:356)
	at org.openqa.selenium.remote.RemoteWebDriver.findElementByXPath(RemoteWebDriver.java:458)
	at org.openqa.selenium.By$ByXPath.findElement(By.java:353)
	at org.openqa.selenium.remote.RemoteWebDriver.findElement(RemoteWebDriver.java:348)
	at src.in.valtech.cl.back.pages.BackOfficePage.VerifyOrderStatusInBO_OrdersPage(BackOfficePage.java:383)
	at src.in.valtech.cl.scenarios.TC_Scenario_04.step190_RefreshAndVerifyOrderStatusInOrdersPage(TC_Scenario_04.java:1802)
	at java.base/jdk.internal.reflect.NativeMethodAccessorImpl.invoke0(Native Method)
	at java.base/jdk.internal.reflect.NativeMethodAccessorImpl.invoke(NativeMethodAccessorImpl.java:62)
	at java.base/jdk.internal.reflect.DelegatingMethodAccessorImpl.invoke(DelegatingMethodAccessorImpl.java:43)
	at java.base/java.lang.reflect.Method.invoke(Method.java:566)
	at org.testng.internal.MethodInvocationHelper.invokeMethod(MethodInvocationHelper.java:80)
	at org.testng.internal.Invoker.invokeMethod(Invoker.java:714)
	at org.testng.internal.Invoker.invokeTestMethod(Invoker.java:901)
	at org.testng.internal.Invoker.invokeTestMethods(Invoker.java:1231)
	at org.testng.internal.TestMethodWorker.invokeTestMethods(TestMethodWorker.java:127)
	at org.testng.internal.TestMethodWorker.run(TestMethodWorker.java:111)
	at org.testng.TestRunner.privateRun(TestRunner.java:767)
	at org.testng.TestRunner.run(TestRunner.java:617)
	at org.testng.SuiteRunner.runTest(SuiteRunner.java:334)
	at org.testng.SuiteRunner.access$000(SuiteRunner.java:37)
	at org.testng.SuiteRunner$SuiteWorker.run(SuiteRunner.java:368)
	at org.testng.internal.thread.ThreadUtil$2.call(ThreadUtil.java:64)
	at java.base/java.util.concurrent.FutureTask.run(FutureTask.java:264)
	at java.base/java.util.concurrent.ThreadPoolExecutor.runWorker(ThreadPoolExecutor.java:1128)
	at java.base/java.util.concurrent.ThreadPoolExecutor$Worker.run(ThreadPoolExecutor.java:628)
	at java.base/java.lang.Thread.run(Thread.java:834)
]]>
    </failure>
  </testcase> <!-- step190_RefreshAndVerifyOrderStatusInOrdersPage -->
  <testcase classname="src.in.valtech.cl.scenarios.TC_Scenario_04" name="step117_VerifiedOrderStatusInMyOrdersPage" time="0.160"/>
  <testcase classname="src.in.valtech.cl.scenarios.TC_Scenario_04" name="step170_VerifyOrderReturnDetailsInNewMemoPage" time="4.465"/>
  <testcase classname="src.in.valtech.cl.scenarios.TC_Scenario_04" name="step179_EnterQutyINAddPctsByQTYFld" time="4.663"/>
  <testcase classname="src.in.valtech.cl.scenarios.TC_Scenario_04" name="step72_VerifiedProcessingOrderTxt" time="2.104"/>
  <testcase classname="src.in.valtech.cl.scenarios.TC_Scenario_04" name="step01_NavigatetoCLHomePage" time="100.523"/>
  <testcase classname="src.in.valtech.cl.scenarios.TC_Scenario_04" name="step21_MouseoverOnL1Category" time="15.805"/>
  <testcase classname="src.in.valtech.cl.scenarios.TC_Scenario_04" name="step94_NavigatedIntoWMSAndGetBarcodeFromPickingProcess" time="14.962"/>
  <testcase classname="src.in.valtech.cl.scenarios.TC_Scenario_04" name="step74_ClickMyAccountBtn" time="3.698"/>
  <testcase classname="src.in.valtech.cl.scenarios.TC_Scenario_04" name="step64_ClickOnProceedButton" time="8.696"/>
  <testcase classname="src.in.valtech.cl.scenarios.TC_Scenario_04" name="step99_CopySKUIDAndEnterinSearchFeildForScanningProductsInPacking" time="6.243"/>
  <testcase classname="src.in.valtech.cl.scenarios.TC_Scenario_04" name="step10_VerifiedContactUslink" time="0.082"/>
  <testcase classname="src.in.valtech.cl.scenarios.TC_Scenario_04" name="step30_EnterSearchableSKUAndClickOnSubmitFilter" time="22.619"/>
  <testcase classname="src.in.valtech.cl.scenarios.TC_Scenario_04" name="step82_OpenNewTabAndNavigatedtoAdyen" time="6.248"/>
  <testcase classname="src.in.valtech.cl.scenarios.TC_Scenario_04" name="step162_ClickOnSalesIcon" time="10.161"/>
  <testcase classname="src.in.valtech.cl.scenarios.TC_Scenario_04" name="step57_ClickOnShippingmethod" time="12.296"/>
  <testcase classname="src.in.valtech.cl.scenarios.TC_Scenario_04" name="step83_LoggedIntoAdyen" time="43.069"/>
  <testcase classname="src.in.valtech.cl.scenarios.TC_Scenario_04" name="step63_CheckedOnPrivacyPolicyAndReturnPolicyCheckbox" time="13.407"/>
  <testcase classname="src.in.valtech.cl.scenarios.TC_Scenario_04" name="step122_ClickOnReturnItems" time="9.292"/>
  <testcase classname="src.in.valtech.cl.scenarios.TC_Scenario_04" name="step202_VerifyReturnReceptionConfirmationMailContents" time="5.739"/>
  <testcase classname="src.in.valtech.cl.scenarios.TC_Scenario_04" name="step185_Verify_OrderTotals_ForRefundoffline" time="6.374"/>
  <testcase classname="src.in.valtech.cl.scenarios.TC_Scenario_04" name="step136_Verify_OrderDetailsAfterCreatingRMAFromBO" time="10.594"/>
  <testcase classname="src.in.valtech.cl.scenarios.TC_Scenario_04" name="step155_VerifiedOrderStatusInReturnsPage" time="68.043"/>
  <testcase classname="src.in.valtech.cl.scenarios.TC_Scenario_04" name="step59_VerifyPaymentSection" time="22.472"/>
  <testcase classname="src.in.valtech.cl.scenarios.TC_Scenario_04" name="step26_LoggedIntoWMS" time="24.020"/>
  <testcase classname="src.in.valtech.cl.scenarios.TC_Scenario_04" name="step172_VerifySuccessMsgForCreateCreditMemo" time="0.045"/>
  <testcase classname="src.in.valtech.cl.scenarios.TC_Scenario_04" name="step137_EditExistShippingAddressWithNewShippingAddressForRMA" time="49.876"/>
  <testcase classname="src.in.valtech.cl.scenarios.TC_Scenario_04" name="step108_NavigatedIntoWMSAndProcessedwithShippingProcess" time="68.732"/>
  <testcase classname="src.in.valtech.cl.scenarios.TC_Scenario_04" name="step182_ClickOnExchangePaymentRadioBtn" time="9.358"/>
  <testcase classname="src.in.valtech.cl.scenarios.TC_Scenario_04" name="step73_VerifiedYourOrderID" time="2.157"/>
  <testcase classname="src.in.valtech.cl.scenarios.TC_Scenario_04" name="step133_ReturnstxtFromSalesIconClick" time="17.026"/>
  <testcase classname="src.in.valtech.cl.scenarios.TC_Scenario_04" name="step51_VerifyGiftHeadertextAndDefaultGiftWrapSelected" time="13.259"/>
  <testcase classname="src.in.valtech.cl.scenarios.TC_Scenario_04" name="step105_ClickOnHomePopupBtn" time="7.140"/>
  <testcase classname="src.in.valtech.cl.scenarios.TC_Scenario_04" name="step196_VerifyOrderTotalAmtIN_adyen" time="20.074">
    <failure message="no such element: Unable to locate element: {&quot;method&quot;:&quot;xpath&quot;,&quot;selector&quot;:&quot;//td[contains(text(),&#039;11000341325&#039;)]//following-sibling::td[3]&quot;}
  (Session info: chrome=121.0.6167.185)
For documentation on this error, please visit: https://www.seleniumhq.org/exceptions/no_such_element.html
Build info: version: &#039;3.141.59&#039;, revision: &#039;e82be7d358&#039;, time: &#039;2018-11-14T08:17:03&#039;
System info: host: &#039;IN-PF42S2RF&#039;, ip: &#039;192.168.85.57&#039;, os.name: &#039;Windows 10&#039;, os.arch: &#039;amd64&#039;, os.version: &#039;10.0&#039;, java.version: &#039;11.0.2&#039;
Driver info: org.openqa.selenium.chrome.ChromeDriver
Capabilities {acceptInsecureCerts: false, browserName: chrome, browserVersion: 121.0.6167.185, chrome: {chromedriverVersion: 121.0.6167.85 (3f98d690ad7e..., userDataDir: C:\Users\CHAITR~1.BAB\AppDa...}, fedcm:accounts: true, goog:chromeOptions: {debuggerAddress: localhost:62754}, javascriptEnabled: true, networkConnectionEnabled: false, pageLoadStrategy: normal, platform: WINDOWS, platformName: WINDOWS, proxy: Proxy(), setWindowRect: true, strictFileInteractability: false, timeouts: {implicit: 0, pageLoad: 300000, script: 30000}, unhandledPromptBehavior: dismiss and notify, webauthn:extension:credBlob: true, webauthn:extension:largeBlob: true, webauthn:extension:minPinLength: true, webauthn:extension:prf: true, webauthn:virtualAuthenticators: true}
Session ID: 3cad653692e99c49614d0518f293eecb
*** Element info: {Using=xpath, value=//td[contains(text(),&#039;11000341325&#039;)]//following-sibling::td[3]}" type="org.openqa.selenium.NoSuchElementException">
      <![CDATA[org.openqa.selenium.NoSuchElementException: no such element: Unable to locate element: {"method":"xpath","selector":"//td[contains(text(),'11000341325')]//following-sibling::td[3]"}
  (Session info: chrome=121.0.6167.185)
For documentation on this error, please visit: https://www.seleniumhq.org/exceptions/no_such_element.html
Build info: version: '3.141.59', revision: 'e82be7d358', time: '2018-11-14T08:17:03'
System info: host: 'IN-PF42S2RF', ip: '192.168.85.57', os.name: 'Windows 10', os.arch: 'amd64', os.version: '10.0', java.version: '11.0.2'
Driver info: org.openqa.selenium.chrome.ChromeDriver
Capabilities {acceptInsecureCerts: false, browserName: chrome, browserVersion: 121.0.6167.185, chrome: {chromedriverVersion: 121.0.6167.85 (3f98d690ad7e..., userDataDir: C:\Users\CHAITR~1.BAB\AppDa...}, fedcm:accounts: true, goog:chromeOptions: {debuggerAddress: localhost:62754}, javascriptEnabled: true, networkConnectionEnabled: false, pageLoadStrategy: normal, platform: WINDOWS, platformName: WINDOWS, proxy: Proxy(), setWindowRect: true, strictFileInteractability: false, timeouts: {implicit: 0, pageLoad: 300000, script: 30000}, unhandledPromptBehavior: dismiss and notify, webauthn:extension:credBlob: true, webauthn:extension:largeBlob: true, webauthn:extension:minPinLength: true, webauthn:extension:prf: true, webauthn:virtualAuthenticators: true}
Session ID: 3cad653692e99c49614d0518f293eecb
*** Element info: {Using=xpath, value=//td[contains(text(),'11000341325')]//following-sibling::td[3]}
	at jdk.internal.reflect.GeneratedConstructorAccessor74.newInstance(Unknown Source)
	at java.base/jdk.internal.reflect.DelegatingConstructorAccessorImpl.newInstance(DelegatingConstructorAccessorImpl.java:45)
	at java.base/java.lang.reflect.Constructor.newInstance(Constructor.java:490)
	at org.openqa.selenium.remote.http.W3CHttpResponseCodec.createException(W3CHttpResponseCodec.java:185)
	at org.openqa.selenium.remote.http.W3CHttpResponseCodec.decode(W3CHttpResponseCodec.java:120)
	at org.openqa.selenium.remote.http.W3CHttpResponseCodec.decode(W3CHttpResponseCodec.java:49)
	at org.openqa.selenium.remote.HttpCommandExecutor.execute(HttpCommandExecutor.java:164)
	at org.openqa.selenium.remote.service.DriverCommandExecutor.execute(DriverCommandExecutor.java:83)
	at org.openqa.selenium.remote.RemoteWebDriver.execute(RemoteWebDriver.java:586)
	at org.openqa.selenium.remote.RemoteWebDriver.findElement(RemoteWebDriver.java:356)
	at org.openqa.selenium.remote.RemoteWebDriver.findElementByXPath(RemoteWebDriver.java:458)
	at org.openqa.selenium.By$ByXPath.findElement(By.java:353)
	at org.openqa.selenium.remote.RemoteWebDriver.findElement(RemoteWebDriver.java:348)
	at src.in.valtech.cl.back.pages.AdyenPage.Verify_AdyenOrderAmount(AdyenPage.java:279)
	at src.in.valtech.cl.scenarios.TC_Scenario_04.step196_VerifyOrderTotalAmtIN_adyen(TC_Scenario_04.java:1858)
	at java.base/jdk.internal.reflect.NativeMethodAccessorImpl.invoke0(Native Method)
	at java.base/jdk.internal.reflect.NativeMethodAccessorImpl.invoke(NativeMethodAccessorImpl.java:62)
	at java.base/jdk.internal.reflect.DelegatingMethodAccessorImpl.invoke(DelegatingMethodAccessorImpl.java:43)
	at java.base/java.lang.reflect.Method.invoke(Method.java:566)
	at org.testng.internal.MethodInvocationHelper.invokeMethod(MethodInvocationHelper.java:80)
	at org.testng.internal.Invoker.invokeMethod(Invoker.java:714)
	at org.testng.internal.Invoker.invokeTestMethod(Invoker.java:901)
	at org.testng.internal.Invoker.invokeTestMethods(Invoker.java:1231)
	at org.testng.internal.TestMethodWorker.invokeTestMethods(TestMethodWorker.java:127)
	at org.testng.internal.TestMethodWorker.run(TestMethodWorker.java:111)
	at org.testng.TestRunner.privateRun(TestRunner.java:767)
	at org.testng.TestRunner.run(TestRunner.java:617)
	at org.testng.SuiteRunner.runTest(SuiteRunner.java:334)
	at org.testng.SuiteRunner.access$000(SuiteRunner.java:37)
	at org.testng.SuiteRunner$SuiteWorker.run(SuiteRunner.java:368)
	at org.testng.internal.thread.ThreadUtil$2.call(ThreadUtil.java:64)
	at java.base/java.util.concurrent.FutureTask.run(FutureTask.java:264)
	at java.base/java.util.concurrent.ThreadPoolExecutor.runWorker(ThreadPoolExecutor.java:1128)
	at java.base/java.util.concurrent.ThreadPoolExecutor$Worker.run(ThreadPoolExecutor.java:628)
	at java.base/java.lang.Thread.run(Thread.java:834)
]]>
    </failure>
  </testcase> <!-- step196_VerifyOrderTotalAmtIN_adyen -->
  <testcase classname="src.in.valtech.cl.scenarios.TC_Scenario_04" name="step124_ClickOnCheckboxToSelectTheProduct" time="7.148"/>
  <testcase classname="src.in.valtech.cl.scenarios.TC_Scenario_04" name="step112_EnterOrderIDinPaymentTab_adyen" time="14.477"/>
  <testcase classname="src.in.valtech.cl.scenarios.TC_Scenario_04" name="step68_SelectBankOfVisaCard" time="0.015"/>
  <testcase classname="src.in.valtech.cl.scenarios.TC_Scenario_04" name="step69_PayButtonClick" time="9.799"/>
  <testcase classname="src.in.valtech.cl.scenarios.TC_Scenario_04" name="step14_ClickonProductInfoAndVerifiedContent" time="18.275"/>
  <testcase classname="src.in.valtech.cl.scenarios.TC_Scenario_04" name="step181_Verify_AddressDetails_BOInRMA" time="0.373"/>
  <testcase classname="src.in.valtech.cl.scenarios.TC_Scenario_04" name="step166_ReturnstxtFromSalesIconClick" time="15.985"/>
  <testcase classname="src.in.valtech.cl.scenarios.TC_Scenario_04" name="step142_ClickOrderstxtFromSalesIcon" time="14.286"/>
  <testcase classname="src.in.valtech.cl.scenarios.TC_Scenario_04" name="step45_ClickOnCompletecartLnk_MainCart" time="39.105"/>
  <testcase classname="src.in.valtech.cl.scenarios.TC_Scenario_04" name="step118_ClickOnOrderGridAndVerifiedOrderDetailsPage" time="77.017"/>
  <testcase classname="src.in.valtech.cl.scenarios.TC_Scenario_04" name="step75_ClickAddressBookLink" time="13.481"/>
  <testcase classname="src.in.valtech.cl.scenarios.TC_Scenario_04" name="step78_ClickOnSalesIcon" time="12.245"/>
  <testcase classname="src.in.valtech.cl.scenarios.TC_Scenario_04" name="step106_NavigatedIntoMangetoAndVerifiedOrderStatusInOrdersPage" time="74.371"/>
  <testcase classname="src.in.valtech.cl.scenarios.TC_Scenario_04" name="step24_ClosePDPConfirmationMessagePopUPModal" time="5.204"/>
  <testcase classname="src.in.valtech.cl.scenarios.TC_Scenario_04" name="step115_SwitchToFOTabAndClickOnMyAccountIcon" time="2.275"/>
  <testcase classname="src.in.valtech.cl.scenarios.TC_Scenario_04" name="step174_NavigatedIntoAdyenAndClickOnPaymentTab" time="36.798">
    <failure message="no such element: Unable to locate element: {&quot;method&quot;:&quot;xpath&quot;,&quot;selector&quot;:&quot;//input[@name=&#039;password&#039;]&quot;}
  (Session info: chrome=121.0.6167.185)
For documentation on this error, please visit: https://www.seleniumhq.org/exceptions/no_such_element.html
Build info: version: &#039;3.141.59&#039;, revision: &#039;e82be7d358&#039;, time: &#039;2018-11-14T08:17:03&#039;
System info: host: &#039;IN-PF42S2RF&#039;, ip: &#039;192.168.85.57&#039;, os.name: &#039;Windows 10&#039;, os.arch: &#039;amd64&#039;, os.version: &#039;10.0&#039;, java.version: &#039;11.0.2&#039;
Driver info: org.openqa.selenium.chrome.ChromeDriver
Capabilities {acceptInsecureCerts: false, browserName: chrome, browserVersion: 121.0.6167.185, chrome: {chromedriverVersion: 121.0.6167.85 (3f98d690ad7e..., userDataDir: C:\Users\CHAITR~1.BAB\AppDa...}, fedcm:accounts: true, goog:chromeOptions: {debuggerAddress: localhost:62754}, javascriptEnabled: true, networkConnectionEnabled: false, pageLoadStrategy: normal, platform: WINDOWS, platformName: WINDOWS, proxy: Proxy(), setWindowRect: true, strictFileInteractability: false, timeouts: {implicit: 0, pageLoad: 300000, script: 30000}, unhandledPromptBehavior: dismiss and notify, webauthn:extension:credBlob: true, webauthn:extension:largeBlob: true, webauthn:extension:minPinLength: true, webauthn:extension:prf: true, webauthn:virtualAuthenticators: true}
Session ID: 3cad653692e99c49614d0518f293eecb
*** Element info: {Using=xpath, value=//input[@name=&#039;password&#039;]}" type="org.openqa.selenium.NoSuchElementException">
      <![CDATA[org.openqa.selenium.NoSuchElementException: no such element: Unable to locate element: {"method":"xpath","selector":"//input[@name='password']"}
  (Session info: chrome=121.0.6167.185)
For documentation on this error, please visit: https://www.seleniumhq.org/exceptions/no_such_element.html
Build info: version: '3.141.59', revision: 'e82be7d358', time: '2018-11-14T08:17:03'
System info: host: 'IN-PF42S2RF', ip: '192.168.85.57', os.name: 'Windows 10', os.arch: 'amd64', os.version: '10.0', java.version: '11.0.2'
Driver info: org.openqa.selenium.chrome.ChromeDriver
Capabilities {acceptInsecureCerts: false, browserName: chrome, browserVersion: 121.0.6167.185, chrome: {chromedriverVersion: 121.0.6167.85 (3f98d690ad7e..., userDataDir: C:\Users\CHAITR~1.BAB\AppDa...}, fedcm:accounts: true, goog:chromeOptions: {debuggerAddress: localhost:62754}, javascriptEnabled: true, networkConnectionEnabled: false, pageLoadStrategy: normal, platform: WINDOWS, platformName: WINDOWS, proxy: Proxy(), setWindowRect: true, strictFileInteractability: false, timeouts: {implicit: 0, pageLoad: 300000, script: 30000}, unhandledPromptBehavior: dismiss and notify, webauthn:extension:credBlob: true, webauthn:extension:largeBlob: true, webauthn:extension:minPinLength: true, webauthn:extension:prf: true, webauthn:virtualAuthenticators: true}
Session ID: 3cad653692e99c49614d0518f293eecb
*** Element info: {Using=xpath, value=//input[@name='password']}
	at jdk.internal.reflect.GeneratedConstructorAccessor74.newInstance(Unknown Source)
	at java.base/jdk.internal.reflect.DelegatingConstructorAccessorImpl.newInstance(DelegatingConstructorAccessorImpl.java:45)
	at java.base/java.lang.reflect.Constructor.newInstance(Constructor.java:490)
	at org.openqa.selenium.remote.http.W3CHttpResponseCodec.createException(W3CHttpResponseCodec.java:185)
	at org.openqa.selenium.remote.http.W3CHttpResponseCodec.decode(W3CHttpResponseCodec.java:120)
	at org.openqa.selenium.remote.http.W3CHttpResponseCodec.decode(W3CHttpResponseCodec.java:49)
	at org.openqa.selenium.remote.HttpCommandExecutor.execute(HttpCommandExecutor.java:164)
	at org.openqa.selenium.remote.service.DriverCommandExecutor.execute(DriverCommandExecutor.java:83)
	at org.openqa.selenium.remote.RemoteWebDriver.execute(RemoteWebDriver.java:586)
	at org.openqa.selenium.remote.RemoteWebDriver.findElement(RemoteWebDriver.java:356)
	at org.openqa.selenium.remote.RemoteWebDriver.findElementByXPath(RemoteWebDriver.java:458)
	at org.openqa.selenium.By$ByXPath.findElement(By.java:353)
	at org.openqa.selenium.remote.RemoteWebDriver.findElement(RemoteWebDriver.java:348)
	at src.in.valtech.cl.scenarios.TC_Scenario_04.step174_NavigatedIntoAdyenAndClickOnPaymentTab(TC_Scenario_04.java:1662)
	at java.base/jdk.internal.reflect.NativeMethodAccessorImpl.invoke0(Native Method)
	at java.base/jdk.internal.reflect.NativeMethodAccessorImpl.invoke(NativeMethodAccessorImpl.java:62)
	at java.base/jdk.internal.reflect.DelegatingMethodAccessorImpl.invoke(DelegatingMethodAccessorImpl.java:43)
	at java.base/java.lang.reflect.Method.invoke(Method.java:566)
	at org.testng.internal.MethodInvocationHelper.invokeMethod(MethodInvocationHelper.java:80)
	at org.testng.internal.Invoker.invokeMethod(Invoker.java:714)
	at org.testng.internal.Invoker.invokeTestMethod(Invoker.java:901)
	at org.testng.internal.Invoker.invokeTestMethods(Invoker.java:1231)
	at org.testng.internal.TestMethodWorker.invokeTestMethods(TestMethodWorker.java:127)
	at org.testng.internal.TestMethodWorker.run(TestMethodWorker.java:111)
	at org.testng.TestRunner.privateRun(TestRunner.java:767)
	at org.testng.TestRunner.run(TestRunner.java:617)
	at org.testng.SuiteRunner.runTest(SuiteRunner.java:334)
	at org.testng.SuiteRunner.access$000(SuiteRunner.java:37)
	at org.testng.SuiteRunner$SuiteWorker.run(SuiteRunner.java:368)
	at org.testng.internal.thread.ThreadUtil$2.call(ThreadUtil.java:64)
	at java.base/java.util.concurrent.FutureTask.run(FutureTask.java:264)
	at java.base/java.util.concurrent.ThreadPoolExecutor.runWorker(ThreadPoolExecutor.java:1128)
	at java.base/java.util.concurrent.ThreadPoolExecutor$Worker.run(ThreadPoolExecutor.java:628)
	at java.base/java.lang.Thread.run(Thread.java:834)
]]>
    </failure>
  </testcase> <!-- step174_NavigatedIntoAdyenAndClickOnPaymentTab -->
  <testcase classname="src.in.valtech.cl.scenarios.TC_Scenario_04" name="step121_SelectPickupDate" time="9.256"/>
  <testcase classname="src.in.valtech.cl.scenarios.TC_Scenario_04" name="step101_VerifyConfirmPackingAndGoBackTOPackingBtn_PartialPacking" time="4.295"/>
  <testcase classname="src.in.valtech.cl.scenarios.TC_Scenario_04" name="step15_ClickonProductCareAndVerifiedContent" time="5.818"/>
  <testcase classname="src.in.valtech.cl.scenarios.TC_Scenario_04" name="step204_VerifyOrderConfirmationMailContentsForExchangeOrder" time="6.589"/>
  <testcase classname="src.in.valtech.cl.scenarios.TC_Scenario_04" name="step184_Verify_ShippingMethods_RadioOptionForRefundofflineAndClickOnShippingMethod" time="19.981"/>
  <testcase classname="src.in.valtech.cl.scenarios.TC_Scenario_04" name="step187_Click_OKFromAlertPopupForRefundoffline" time="10.089"/>
  <testcase classname="src.in.valtech.cl.scenarios.TC_Scenario_04" name="step131_VerifySuccessMsgForRMARequest" time="0.107"/>
  <testcase classname="src.in.valtech.cl.scenarios.TC_Scenario_04" name="step29_ClickOnProductsFromDataLists" time="10.361"/>
  <testcase classname="src.in.valtech.cl.scenarios.TC_Scenario_04" name="step148_ExecuteRMAProcessinWMS" time="26.864"/>
  <testcase classname="src.in.valtech.cl.scenarios.TC_Scenario_04" name="step167_VerifiedOrderStatusInReturnsPage" time="17.546">
    <failure message="element click intercepted: Element &lt;div class=&quot;admin__form-field-control&quot;&gt;...&lt;/div&gt; is not clickable at point (620, 624). Other element would receive the click: &lt;div data-role=&quot;spinner&quot; data-component=&quot;rma_grid_index.rma_grid_index.rma_columns&quot; class=&quot;admin__data-grid-loading-mask&quot; style=&quot;&quot;&gt;...&lt;/div&gt;
  (Session info: chrome=121.0.6167.185)
Build info: version: &#039;3.141.59&#039;, revision: &#039;e82be7d358&#039;, time: &#039;2018-11-14T08:17:03&#039;
System info: host: &#039;IN-PF42S2RF&#039;, ip: &#039;192.168.85.57&#039;, os.name: &#039;Windows 10&#039;, os.arch: &#039;amd64&#039;, os.version: &#039;10.0&#039;, java.version: &#039;11.0.2&#039;
Driver info: org.openqa.selenium.chrome.ChromeDriver
Capabilities {acceptInsecureCerts: false, browserName: chrome, browserVersion: 121.0.6167.185, chrome: {chromedriverVersion: 121.0.6167.85 (3f98d690ad7e..., userDataDir: C:\Users\CHAITR~1.BAB\AppDa...}, fedcm:accounts: true, goog:chromeOptions: {debuggerAddress: localhost:62754}, javascriptEnabled: true, networkConnectionEnabled: false, pageLoadStrategy: normal, platform: WINDOWS, platformName: WINDOWS, proxy: Proxy(), setWindowRect: true, strictFileInteractability: false, timeouts: {implicit: 0, pageLoad: 300000, script: 30000}, unhandledPromptBehavior: dismiss and notify, webauthn:extension:credBlob: true, webauthn:extension:largeBlob: true, webauthn:extension:minPinLength: true, webauthn:extension:prf: true, webauthn:virtualAuthenticators: true}
Session ID: 3cad653692e99c49614d0518f293eecb" type="org.openqa.selenium.ElementClickInterceptedException">
      <![CDATA[org.openqa.selenium.ElementClickInterceptedException: element click intercepted: Element <div class="admin__form-field-control">...</div> is not clickable at point (620, 624). Other element would receive the click: <div data-role="spinner" data-component="rma_grid_index.rma_grid_index.rma_columns" class="admin__data-grid-loading-mask" style="">...</div>
  (Session info: chrome=121.0.6167.185)
Build info: version: '3.141.59', revision: 'e82be7d358', time: '2018-11-14T08:17:03'
System info: host: 'IN-PF42S2RF', ip: '192.168.85.57', os.name: 'Windows 10', os.arch: 'amd64', os.version: '10.0', java.version: '11.0.2'
Driver info: org.openqa.selenium.chrome.ChromeDriver
Capabilities {acceptInsecureCerts: false, browserName: chrome, browserVersion: 121.0.6167.185, chrome: {chromedriverVersion: 121.0.6167.85 (3f98d690ad7e..., userDataDir: C:\Users\CHAITR~1.BAB\AppDa...}, fedcm:accounts: true, goog:chromeOptions: {debuggerAddress: localhost:62754}, javascriptEnabled: true, networkConnectionEnabled: false, pageLoadStrategy: normal, platform: WINDOWS, platformName: WINDOWS, proxy: Proxy(), setWindowRect: true, strictFileInteractability: false, timeouts: {implicit: 0, pageLoad: 300000, script: 30000}, unhandledPromptBehavior: dismiss and notify, webauthn:extension:credBlob: true, webauthn:extension:largeBlob: true, webauthn:extension:minPinLength: true, webauthn:extension:prf: true, webauthn:virtualAuthenticators: true}
Session ID: 3cad653692e99c49614d0518f293eecb
	at java.base/jdk.internal.reflect.NativeConstructorAccessorImpl.newInstance0(Native Method)
	at java.base/jdk.internal.reflect.NativeConstructorAccessorImpl.newInstance(NativeConstructorAccessorImpl.java:62)
	at java.base/jdk.internal.reflect.DelegatingConstructorAccessorImpl.newInstance(DelegatingConstructorAccessorImpl.java:45)
	at java.base/java.lang.reflect.Constructor.newInstance(Constructor.java:490)
	at org.openqa.selenium.remote.http.W3CHttpResponseCodec.createException(W3CHttpResponseCodec.java:185)
	at org.openqa.selenium.remote.http.W3CHttpResponseCodec.decode(W3CHttpResponseCodec.java:120)
	at org.openqa.selenium.remote.http.W3CHttpResponseCodec.decode(W3CHttpResponseCodec.java:49)
	at org.openqa.selenium.remote.HttpCommandExecutor.execute(HttpCommandExecutor.java:164)
	at org.openqa.selenium.remote.service.DriverCommandExecutor.execute(DriverCommandExecutor.java:83)
	at org.openqa.selenium.remote.RemoteWebDriver.execute(RemoteWebDriver.java:586)
	at org.openqa.selenium.remote.RemoteWebElement.execute(RemoteWebElement.java:279)
	at org.openqa.selenium.remote.RemoteWebElement.click(RemoteWebElement.java:83)
	at src.in.valtech.cl.back.pages.BackOfficePage.SearchForRMAOrder(BackOfficePage.java:501)
	at src.in.valtech.cl.back.pages.BackOfficePage.ClearTheFilterInBOForReturnsOrder(BackOfficePage.java:3279)
	at src.in.valtech.cl.scenarios.TC_Scenario_04.step167_VerifiedOrderStatusInReturnsPage(TC_Scenario_04.java:1615)
	at java.base/jdk.internal.reflect.NativeMethodAccessorImpl.invoke0(Native Method)
	at java.base/jdk.internal.reflect.NativeMethodAccessorImpl.invoke(NativeMethodAccessorImpl.java:62)
	at java.base/jdk.internal.reflect.DelegatingMethodAccessorImpl.invoke(DelegatingMethodAccessorImpl.java:43)
	at java.base/java.lang.reflect.Method.invoke(Method.java:566)
	at org.testng.internal.MethodInvocationHelper.invokeMethod(MethodInvocationHelper.java:80)
	at org.testng.internal.Invoker.invokeMethod(Invoker.java:714)
	at org.testng.internal.Invoker.invokeTestMethod(Invoker.java:901)
	at org.testng.internal.Invoker.invokeTestMethods(Invoker.java:1231)
	at org.testng.internal.TestMethodWorker.invokeTestMethods(TestMethodWorker.java:127)
	at org.testng.internal.TestMethodWorker.run(TestMethodWorker.java:111)
	at org.testng.TestRunner.privateRun(TestRunner.java:767)
	at org.testng.TestRunner.run(TestRunner.java:617)
	at org.testng.SuiteRunner.runTest(SuiteRunner.java:334)
	at org.testng.SuiteRunner.access$000(SuiteRunner.java:37)
	at org.testng.SuiteRunner$SuiteWorker.run(SuiteRunner.java:368)
	at org.testng.internal.thread.ThreadUtil$2.call(ThreadUtil.java:64)
	at java.base/java.util.concurrent.FutureTask.run(FutureTask.java:264)
	at java.base/java.util.concurrent.ThreadPoolExecutor.runWorker(ThreadPoolExecutor.java:1128)
	at java.base/java.util.concurrent.ThreadPoolExecutor$Worker.run(ThreadPoolExecutor.java:628)
	at java.base/java.lang.Thread.run(Thread.java:834)
]]>
    </failure>
  </testcase> <!-- step167_VerifiedOrderStatusInReturnsPage -->
  <testcase classname="src.in.valtech.cl.scenarios.TC_Scenario_04" name="step28_MouseOverElementOnDataListsMenu" time="12.224"/>
  <testcase classname="src.in.valtech.cl.scenarios.TC_Scenario_04" name="step52_EnterMsgInGiftMsgFld" time="0.019"/>
  <testcase classname="src.in.valtech.cl.scenarios.TC_Scenario_04" name="step35_EnteredUsernameField" time="4.197"/>
  <testcase classname="src.in.valtech.cl.scenarios.TC_Scenario_04" name="step62_UncheckedMyBAandSABothSameCheckbox" time="0.000"/>
  <testcase classname="src.in.valtech.cl.scenarios.TC_Scenario_04" name="step111_NavigatedIntoAdyenAndClickOnPaymentTab" time="66.058"/>
  <testcase classname="src.in.valtech.cl.scenarios.TC_Scenario_04" name="step7_VerifiedProductBrandNametxtInPDP" time="2.147"/>
  <testcase classname="src.in.valtech.cl.scenarios.TC_Scenario_04" name="step86_ClickOnAcceptBtn" time="44.176"/>
  <testcase classname="src.in.valtech.cl.scenarios.TC_Scenario_04" name="step33_VerifyReservedStock" time="10.057"/>
  <testcase classname="src.in.valtech.cl.scenarios.TC_Scenario_04" name="step135_ClickonOrderGrid" time="47.557"/>
  <testcase classname="src.in.valtech.cl.scenarios.TC_Scenario_04" name="step4_ClickOnProductImg" time="18.406"/>
  <testcase classname="src.in.valtech.cl.scenarios.TC_Scenario_04" name="step176_NaviagtedIntoFOAndVerifiedOrderStatusInMyOrdersPage" time="23.821"/>
  <testcase classname="src.in.valtech.cl.scenarios.TC_Scenario_04" name="step44_VerifiedAllDetailsInsideMiniCart" time="27.701"/>
  <testcase classname="src.in.valtech.cl.scenarios.TC_Scenario_04" name="step110_NaviagtedIntoFOAndVerifiedOrderStatusInMyOrdersPage" time="18.469"/>
  <testcase classname="src.in.valtech.cl.scenarios.TC_Scenario_04" name="step144_NaviagtedIntoFOAndVerifiedOrderStatusInMyOrdersPage" time="30.912"/>
  <testcase classname="src.in.valtech.cl.scenarios.TC_Scenario_04" name="step5_VerifiedProductNameinPDP" time="2.184"/>
  <testcase classname="src.in.valtech.cl.scenarios.TC_Scenario_04" name="step34_OpenNewTabAndNavigatedtoMagentoBO" time="10.227"/>
  <testcase classname="src.in.valtech.cl.scenarios.TC_Scenario_04" name="step20_ClosePDPConfirmationMessagePopUPModal" time="5.230"/>
  <testcase classname="src.in.valtech.cl.scenarios.TC_Scenario_04" name="step107_NaviagtedIntoFOAndVerifiedOrderStatusInMyOrdersPage" time="18.173"/>
  <testcase classname="src.in.valtech.cl.scenarios.TC_Scenario_04" name="step163_ClickOrderstxtFromSalesIcon" time="13.794"/>
  <testcase classname="src.in.valtech.cl.scenarios.TC_Scenario_04" name="step03_VerifiedCategoryPage" time="2.176"/>
  <testcase classname="src.in.valtech.cl.scenarios.TC_Scenario_04" name="step48_EnterUsername_ForLoginINCheckoutpage" time="4.404"/>
  <testcase classname="src.in.valtech.cl.scenarios.TC_Scenario_04" name="step123_ClickOnAddProductButton" time="7.272"/>
  <testcase classname="src.in.valtech.cl.scenarios.TC_Scenario_04" name="step12_ClickOnSizeGuideAndCloseOverlay" time="8.622"/>
  <testcase classname="src.in.valtech.cl.scenarios.TC_Scenario_04" name="step39_ClickOnCatalogIcon" time="10.272"/>
  <testcase classname="src.in.valtech.cl.scenarios.TC_Scenario_04" name="step102_ClickOnConfirmPackingBtn_PartialPacking" time="16.492"/>
  <testcase classname="src.in.valtech.cl.scenarios.TC_Scenario_04" name="step50_ClickOnLoginInButton_ForLoginINCheckoutpage" time="12.272"/>
  <testcase classname="src.in.valtech.cl.scenarios.TC_Scenario_04" name="step100_ClickOnPartialPackingBtn" time="12.230"/>
  <testcase classname="src.in.valtech.cl.scenarios.TC_Scenario_04" name="step41_SearchForProductSeleableStockInBO" time="29.095"/>
  <testcase classname="src.in.valtech.cl.scenarios.TC_Scenario_04" name="step183_Click_ShippingMethod_LinkForRefundoffline" time="5.207"/>
  <testcase classname="src.in.valtech.cl.scenarios.TC_Scenario_04" name="step13_ClickOnSelectYourSizeButtonAndSelectAnySize" time="18.341"/>
  <testcase classname="src.in.valtech.cl.scenarios.TC_Scenario_04" name="step16_ClickonShippingAndVerifiedContent" time="5.709"/>
  <testcase classname="src.in.valtech.cl.scenarios.TC_Scenario_04" name="step42_VerifyInitialSaleableStock" time="2.295"/>
  <testcase classname="src.in.valtech.cl.scenarios.TC_Scenario_04" name="step127_SelectAnyOptionFromReturnReasonDropdown" time="2.234"/>
  <testcase classname="src.in.valtech.cl.scenarios.TC_Scenario_04" name="step132_NavigatedIntoMangetoAndClickOnSalesIcon" time="10.314"/>
  <testcase classname="src.in.valtech.cl.scenarios.TC_Scenario_04" name="step168_ClickonViewOptioninOrderGrid" time="9.785"/>
  <testcase classname="src.in.valtech.cl.scenarios.TC_Scenario_04" name="step49_EnterPassword_ForLoginINCheckoutpage" time="4.450"/>
  <testcase classname="src.in.valtech.cl.scenarios.TC_Scenario_04" name="step27_ClickOnOKbutton" time="12.128"/>
  <testcase classname="src.in.valtech.cl.scenarios.TC_Scenario_04" name="step37_ClickOnSignInButton" time="43.172"/>
  <testcase classname="src.in.valtech.cl.scenarios.TC_Scenario_04" name="step104_ClickOnValidateBtn" time="15.451"/>
  <testcase classname="src.in.valtech.cl.scenarios.TC_Scenario_04" name="step203_VerifyCreditMemoConfirmationMailContents" time="6.195"/>
  <testcase classname="src.in.valtech.cl.scenarios.TC_Scenario_04" name="step67_ClickOnSignInButton" time="9.365"/>
  <testcase classname="src.in.valtech.cl.scenarios.TC_Scenario_04" name="step66_EnteredPasswordField" time="2.335"/>
  <testcase classname="src.in.valtech.cl.scenarios.TC_Scenario_04" name="step191_SwitchToFOTabAndClickOnMyAccountIcon" time="2.189"/>
  <testcase classname="src.in.valtech.cl.scenarios.TC_Scenario_04" name="step54_ClickonExistingAdressinShipping" time="0.311"/>
  <testcase classname="src.in.valtech.cl.scenarios.TC_Scenario_04" name="step195_NavigatedIntoAdyenAndClickOnPaymentTab" time="77.921"/>
  <testcase classname="src.in.valtech.cl.scenarios.TC_Scenario_04" name="step147_EnterRMAID_SearchForOrderDetails_ClickOnReceptionButton" time="252.505"/>
  <testcase classname="src.in.valtech.cl.scenarios.TC_Scenario_04" name="step17_VerifyMainThumbnailImg" time="0.200"/>
  <testcase classname="src.in.valtech.cl.scenarios.TC_Scenario_04" name="step192_ClickOnMyOrdersLink" time="13.532"/>
  <testcase classname="src.in.valtech.cl.scenarios.TC_Scenario_04" name="step152_VerifiedOrderStatusInOrdersPage" time="56.739"/>
  <testcase classname="src.in.valtech.cl.scenarios.TC_Scenario_04" name="step81_VerifiedOrderStatusInOrdersPage" time="313.638"/>
  <testcase classname="src.in.valtech.cl.scenarios.TC_Scenario_04" name="step43_ClickOnMinicartIcon" time="9.688"/>
  <testcase classname="src.in.valtech.cl.scenarios.TC_Scenario_04" name="step161_VerifySuccessMsgForSavedRMARequest" time="0.048"/>
  <testcase classname="src.in.valtech.cl.scenarios.TC_Scenario_04" name="step171_ClickOnRefundOfflineButtonInNewMemoPage" time="14.691"/>
  <testcase classname="src.in.valtech.cl.scenarios.TC_Scenario_04" name="step18_ClickonAddToCartButton" time="7.982"/>
  <testcase classname="src.in.valtech.cl.scenarios.TC_Scenario_04" name="step165_ClickOnSalesIcon" time="10.147"/>
  <testcase classname="src.in.valtech.cl.scenarios.TC_Scenario_04" name="step11_VerifiedColorSwatches" time="22.087"/>
  <testcase classname="src.in.valtech.cl.scenarios.TC_Scenario_04" name="step200_VerifyShippingConfirmationMailContents" time="5.745"/>
  <testcase classname="src.in.valtech.cl.scenarios.TC_Scenario_04" name="step85_ClickOrderIDCheckbox" time="20.075"/>
  <testcase classname="src.in.valtech.cl.scenarios.TC_Scenario_04" name="step65_EnteredEmailField" time="7.585"/>
  <testcase classname="src.in.valtech.cl.scenarios.TC_Scenario_04" name="step134_ClickONFiltersAndEnterOrderID" time="42.506"/>
  <testcase classname="src.in.valtech.cl.scenarios.TC_Scenario_04" name="step201_VerifyReturnRequestConfirmationMailContents" time="5.827"/>
  <testcase classname="src.in.valtech.cl.scenarios.TC_Scenario_04" name="step157_ClickOnReturnItems" time="9.479"/>
  <testcase classname="src.in.valtech.cl.scenarios.TC_Scenario_04" name="step103_EnteredQuantityInAnyRow" time="4.452"/>
  <testcase classname="src.in.valtech.cl.scenarios.TC_Scenario_04" name="step199_VerifyOrderConfirmationMailContents" time="6.918"/>
  <testcase classname="src.in.valtech.cl.scenarios.TC_Scenario_04" name="step92_VerifiedPickingOrderSuccessMsg" time="2.716"/>
  <testcase classname="src.in.valtech.cl.scenarios.TC_Scenario_04" name="step130_ClickOnSubmitReturnsButton" time="13.324"/>
  <testcase classname="src.in.valtech.cl.scenarios.TC_Scenario_04" name="step84_ClickCaseMgmtOPtionINAdyen" time="20.740"/>
  <testcase classname="src.in.valtech.cl.scenarios.TC_Scenario_04" name="step189_VerifyCreatedOrderInRMAOfflineWithNewVal" time="2.154"/>
  <testcase classname="src.in.valtech.cl.scenarios.TC_Scenario_04" name="step6_VerifiedProductPriceinPDP" time="2.137"/>
  <testcase classname="src.in.valtech.cl.scenarios.TC_Scenario_04" name="step55_VerifyDefaultValuesinShipping" time="0.145"/>
  <testcase classname="src.in.valtech.cl.scenarios.TC_Scenario_04" name="step120_EnterContactEmailAdd_CreateReturns" time="4.341"/>
  <testcase classname="src.in.valtech.cl.scenarios.TC_Scenario_04" name="step146_ClickOnRMALink" time="14.409"/>
  <testcase classname="src.in.valtech.cl.scenarios.TC_Scenario_04" name="step116_ClickOnMyOrdersLink" time="10.424"/>
  <testcase classname="src.in.valtech.cl.scenarios.TC_Scenario_04" name="step23_ClickOnSelectYourSizeButtonAndSelectAnySizeAndVerifyPDP" time="53.201"/>
  <testcase classname="src.in.valtech.cl.scenarios.TC_Scenario_04" name="step114_ComparedSeleableStockInWMSAndBOBothAreSameAfterShippingTheOrder" time="135.722"/>
  <testcase classname="src.in.valtech.cl.scenarios.TC_Scenario_04" name="step169_ClickOnRefundOrExchangeButton" time="9.081"/>
  <testcase classname="src.in.valtech.cl.scenarios.TC_Scenario_04" name="step47_ClickOnProceedToCheckOutCTA" time="29.849"/>
  <testcase classname="src.in.valtech.cl.scenarios.TC_Scenario_04" name="step109_NavigatedIntoMangetoAndVerifiedOrderStatusInOrdersPage" time="129.218"/>
  <testcase classname="src.in.valtech.cl.scenarios.TC_Scenario_04" name="step31_ClickOnDetailsButton" time="14.393"/>
  <testcase classname="src.in.valtech.cl.scenarios.TC_Scenario_04" name="step70_VerifiedSuccessMsgAfterPlacingOrder" time="10.042"/>
  <testcase classname="src.in.valtech.cl.scenarios.TC_Scenario_04" name="step46_VerifyDetails_MainCart" time="19.706"/>
  <testcase classname="src.in.valtech.cl.scenarios.TC_Scenario_04" name="step76_VerifyOrderdetailsInOrderspage" time="61.129"/>
  <testcase classname="src.in.valtech.cl.scenarios.TC_Scenario_04" name="step40_ClickProductstxtFromCatalogIcon" time="19.112"/>
  <testcase classname="src.in.valtech.cl.scenarios.TC_Scenario_04" name="step96_NaviagtedIntoFOAndVerifiedOrderStatusInMyOrdersPage" time="38.201"/>
  <testcase classname="src.in.valtech.cl.scenarios.TC_Scenario_04" name="step8_VerifiedAddtoCartbtnInPDP" time="0.045"/>
  <testcase classname="src.in.valtech.cl.scenarios.TC_Scenario_04" name="step197_VerifyOrderRMAStatusIN_adyen" time="66.396">
    <failure message="Expected condition failed: waiting for presence of element located by: By.xpath: //td[contains(text(),&#039;11000341325&#039;)]//following-sibling::td[5] (tried for 50 second(s) with 500 milliseconds interval)" type="org.openqa.selenium.TimeoutException">
      <![CDATA[org.openqa.selenium.TimeoutException: Expected condition failed: waiting for presence of element located by: By.xpath: //td[contains(text(),'11000341325')]//following-sibling::td[5] (tried for 50 second(s) with 500 milliseconds interval)
	at org.openqa.selenium.support.ui.WebDriverWait.timeoutException(WebDriverWait.java:95)
	at org.openqa.selenium.support.ui.FluentWait.until(FluentWait.java:272)
	at src.in.valtech.custom.CustomFun.waitObjectToLoad(CustomFun.java:308)
	at src.in.valtech.cl.back.pages.AdyenPage.Verify_AdyenOrderIDStatus(AdyenPage.java:297)
	at src.in.valtech.cl.scenarios.TC_Scenario_04.step197_VerifyOrderRMAStatusIN_adyen(TC_Scenario_04.java:1865)
	at java.base/jdk.internal.reflect.NativeMethodAccessorImpl.invoke0(Native Method)
	at java.base/jdk.internal.reflect.NativeMethodAccessorImpl.invoke(NativeMethodAccessorImpl.java:62)
	at java.base/jdk.internal.reflect.DelegatingMethodAccessorImpl.invoke(DelegatingMethodAccessorImpl.java:43)
	at java.base/java.lang.reflect.Method.invoke(Method.java:566)
	at org.testng.internal.MethodInvocationHelper.invokeMethod(MethodInvocationHelper.java:80)
	at org.testng.internal.Invoker.invokeMethod(Invoker.java:714)
	at org.testng.internal.Invoker.invokeTestMethod(Invoker.java:901)
	at org.testng.internal.Invoker.invokeTestMethods(Invoker.java:1231)
	at org.testng.internal.TestMethodWorker.invokeTestMethods(TestMethodWorker.java:127)
	at org.testng.internal.TestMethodWorker.run(TestMethodWorker.java:111)
	at org.testng.TestRunner.privateRun(TestRunner.java:767)
	at org.testng.TestRunner.run(TestRunner.java:617)
	at org.testng.SuiteRunner.runTest(SuiteRunner.java:334)
	at org.testng.SuiteRunner.access$000(SuiteRunner.java:37)
	at org.testng.SuiteRunner$SuiteWorker.run(SuiteRunner.java:368)
	at org.testng.internal.thread.ThreadUtil$2.call(ThreadUtil.java:64)
	at java.base/java.util.concurrent.FutureTask.run(FutureTask.java:264)
	at java.base/java.util.concurrent.ThreadPoolExecutor.runWorker(ThreadPoolExecutor.java:1128)
	at java.base/java.util.concurrent.ThreadPoolExecutor$Worker.run(ThreadPoolExecutor.java:628)
	at java.base/java.lang.Thread.run(Thread.java:834)
Caused by: org.openqa.selenium.NoSuchElementException: no such element: Unable to locate element: {"method":"xpath","selector":"//td[contains(text(),'11000341325')]//following-sibling::td[5]"}
  (Session info: chrome=121.0.6167.185)
For documentation on this error, please visit: https://www.seleniumhq.org/exceptions/no_such_element.html
Build info: version: '3.141.59', revision: 'e82be7d358', time: '2018-11-14T08:17:03'
System info: host: 'IN-PF42S2RF', ip: '192.168.85.57', os.name: 'Windows 10', os.arch: 'amd64', os.version: '10.0', java.version: '11.0.2'
Driver info: org.openqa.selenium.chrome.ChromeDriver
Capabilities {acceptInsecureCerts: false, browserName: chrome, browserVersion: 121.0.6167.185, chrome: {chromedriverVersion: 121.0.6167.85 (3f98d690ad7e..., userDataDir: C:\Users\CHAITR~1.BAB\AppDa...}, fedcm:accounts: true, goog:chromeOptions: {debuggerAddress: localhost:62754}, javascriptEnabled: true, networkConnectionEnabled: false, pageLoadStrategy: normal, platform: WINDOWS, platformName: WINDOWS, proxy: Proxy(), setWindowRect: true, strictFileInteractability: false, timeouts: {implicit: 0, pageLoad: 300000, script: 30000}, unhandledPromptBehavior: dismiss and notify, webauthn:extension:credBlob: true, webauthn:extension:largeBlob: true, webauthn:extension:minPinLength: true, webauthn:extension:prf: true, webauthn:virtualAuthenticators: true}
Session ID: 3cad653692e99c49614d0518f293eecb
*** Element info: {Using=xpath, value=//td[contains(text(),'11000341325')]//following-sibling::td[5]}
	at jdk.internal.reflect.GeneratedConstructorAccessor74.newInstance(Unknown Source)
	at java.base/jdk.internal.reflect.DelegatingConstructorAccessorImpl.newInstance(DelegatingConstructorAccessorImpl.java:45)
	at java.base/java.lang.reflect.Constructor.newInstance(Constructor.java:490)
	at org.openqa.selenium.remote.http.W3CHttpResponseCodec.createException(W3CHttpResponseCodec.java:185)
	at org.openqa.selenium.remote.http.W3CHttpResponseCodec.decode(W3CHttpResponseCodec.java:120)
	at org.openqa.selenium.remote.http.W3CHttpResponseCodec.decode(W3CHttpResponseCodec.java:49)
	at org.openqa.selenium.remote.HttpCommandExecutor.execute(HttpCommandExecutor.java:164)
	at org.openqa.selenium.remote.service.DriverCommandExecutor.execute(DriverCommandExecutor.java:83)
	at org.openqa.selenium.remote.RemoteWebDriver.execute(RemoteWebDriver.java:586)
	at org.openqa.selenium.remote.RemoteWebDriver.findElement(RemoteWebDriver.java:356)
	at org.openqa.selenium.remote.RemoteWebDriver.findElementByXPath(RemoteWebDriver.java:458)
	at org.openqa.selenium.By$ByXPath.findElement(By.java:353)
	at org.openqa.selenium.remote.RemoteWebDriver.findElement(RemoteWebDriver.java:348)
	at org.openqa.selenium.support.ui.ExpectedConditions$6.apply(ExpectedConditions.java:182)
	at org.openqa.selenium.support.ui.ExpectedConditions$6.apply(ExpectedConditions.java:179)
	at org.openqa.selenium.support.ui.FluentWait.until(FluentWait.java:249)
	... 23 more
]]>
    </failure>
  </testcase> <!-- step197_VerifyOrderRMAStatusIN_adyen -->
  <testcase classname="src.in.valtech.cl.scenarios.TC_Scenario_04" name="step177_NavigatedIntoMangetoAndClickAddPctsBySKU" time="12.240"/>
  <testcase classname="src.in.valtech.cl.scenarios.TC_Scenario_04" name="step156_ClickonViewOptioninOrderGrid" time="9.432"/>
  <testcase classname="src.in.valtech.cl.scenarios.TC_Scenario_04" name="step175_VerifyOrderTotalAmtIN_adyen" time="20.031">
    <failure message="no such element: Unable to locate element: {&quot;method&quot;:&quot;xpath&quot;,&quot;selector&quot;:&quot;//td[contains(text(),&#039;11000341325&#039;)]//following-sibling::td[3]&quot;}
  (Session info: chrome=121.0.6167.185)
For documentation on this error, please visit: https://www.seleniumhq.org/exceptions/no_such_element.html
Build info: version: &#039;3.141.59&#039;, revision: &#039;e82be7d358&#039;, time: &#039;2018-11-14T08:17:03&#039;
System info: host: &#039;IN-PF42S2RF&#039;, ip: &#039;192.168.85.57&#039;, os.name: &#039;Windows 10&#039;, os.arch: &#039;amd64&#039;, os.version: &#039;10.0&#039;, java.version: &#039;11.0.2&#039;
Driver info: org.openqa.selenium.chrome.ChromeDriver
Capabilities {acceptInsecureCerts: false, browserName: chrome, browserVersion: 121.0.6167.185, chrome: {chromedriverVersion: 121.0.6167.85 (3f98d690ad7e..., userDataDir: C:\Users\CHAITR~1.BAB\AppDa...}, fedcm:accounts: true, goog:chromeOptions: {debuggerAddress: localhost:62754}, javascriptEnabled: true, networkConnectionEnabled: false, pageLoadStrategy: normal, platform: WINDOWS, platformName: WINDOWS, proxy: Proxy(), setWindowRect: true, strictFileInteractability: false, timeouts: {implicit: 0, pageLoad: 300000, script: 30000}, unhandledPromptBehavior: dismiss and notify, webauthn:extension:credBlob: true, webauthn:extension:largeBlob: true, webauthn:extension:minPinLength: true, webauthn:extension:prf: true, webauthn:virtualAuthenticators: true}
Session ID: 3cad653692e99c49614d0518f293eecb
*** Element info: {Using=xpath, value=//td[contains(text(),&#039;11000341325&#039;)]//following-sibling::td[3]}" type="org.openqa.selenium.NoSuchElementException">
      <![CDATA[org.openqa.selenium.NoSuchElementException: no such element: Unable to locate element: {"method":"xpath","selector":"//td[contains(text(),'11000341325')]//following-sibling::td[3]"}
  (Session info: chrome=121.0.6167.185)
For documentation on this error, please visit: https://www.seleniumhq.org/exceptions/no_such_element.html
Build info: version: '3.141.59', revision: 'e82be7d358', time: '2018-11-14T08:17:03'
System info: host: 'IN-PF42S2RF', ip: '192.168.85.57', os.name: 'Windows 10', os.arch: 'amd64', os.version: '10.0', java.version: '11.0.2'
Driver info: org.openqa.selenium.chrome.ChromeDriver
Capabilities {acceptInsecureCerts: false, browserName: chrome, browserVersion: 121.0.6167.185, chrome: {chromedriverVersion: 121.0.6167.85 (3f98d690ad7e..., userDataDir: C:\Users\CHAITR~1.BAB\AppDa...}, fedcm:accounts: true, goog:chromeOptions: {debuggerAddress: localhost:62754}, javascriptEnabled: true, networkConnectionEnabled: false, pageLoadStrategy: normal, platform: WINDOWS, platformName: WINDOWS, proxy: Proxy(), setWindowRect: true, strictFileInteractability: false, timeouts: {implicit: 0, pageLoad: 300000, script: 30000}, unhandledPromptBehavior: dismiss and notify, webauthn:extension:credBlob: true, webauthn:extension:largeBlob: true, webauthn:extension:minPinLength: true, webauthn:extension:prf: true, webauthn:virtualAuthenticators: true}
Session ID: 3cad653692e99c49614d0518f293eecb
*** Element info: {Using=xpath, value=//td[contains(text(),'11000341325')]//following-sibling::td[3]}
	at jdk.internal.reflect.GeneratedConstructorAccessor74.newInstance(Unknown Source)
	at java.base/jdk.internal.reflect.DelegatingConstructorAccessorImpl.newInstance(DelegatingConstructorAccessorImpl.java:45)
	at java.base/java.lang.reflect.Constructor.newInstance(Constructor.java:490)
	at org.openqa.selenium.remote.http.W3CHttpResponseCodec.createException(W3CHttpResponseCodec.java:185)
	at org.openqa.selenium.remote.http.W3CHttpResponseCodec.decode(W3CHttpResponseCodec.java:120)
	at org.openqa.selenium.remote.http.W3CHttpResponseCodec.decode(W3CHttpResponseCodec.java:49)
	at org.openqa.selenium.remote.HttpCommandExecutor.execute(HttpCommandExecutor.java:164)
	at org.openqa.selenium.remote.service.DriverCommandExecutor.execute(DriverCommandExecutor.java:83)
	at org.openqa.selenium.remote.RemoteWebDriver.execute(RemoteWebDriver.java:586)
	at org.openqa.selenium.remote.RemoteWebDriver.findElement(RemoteWebDriver.java:356)
	at org.openqa.selenium.remote.RemoteWebDriver.findElementByXPath(RemoteWebDriver.java:458)
	at org.openqa.selenium.By$ByXPath.findElement(By.java:353)
	at org.openqa.selenium.remote.RemoteWebDriver.findElement(RemoteWebDriver.java:348)
	at src.in.valtech.cl.back.pages.AdyenPage.Verify_AdyenOrderAmount(AdyenPage.java:279)
	at src.in.valtech.cl.scenarios.TC_Scenario_04.step175_VerifyOrderTotalAmtIN_adyen(TC_Scenario_04.java:1693)
	at java.base/jdk.internal.reflect.NativeMethodAccessorImpl.invoke0(Native Method)
	at java.base/jdk.internal.reflect.NativeMethodAccessorImpl.invoke(NativeMethodAccessorImpl.java:62)
	at java.base/jdk.internal.reflect.DelegatingMethodAccessorImpl.invoke(DelegatingMethodAccessorImpl.java:43)
	at java.base/java.lang.reflect.Method.invoke(Method.java:566)
	at org.testng.internal.MethodInvocationHelper.invokeMethod(MethodInvocationHelper.java:80)
	at org.testng.internal.Invoker.invokeMethod(Invoker.java:714)
	at org.testng.internal.Invoker.invokeTestMethod(Invoker.java:901)
	at org.testng.internal.Invoker.invokeTestMethods(Invoker.java:1231)
	at org.testng.internal.TestMethodWorker.invokeTestMethods(TestMethodWorker.java:127)
	at org.testng.internal.TestMethodWorker.run(TestMethodWorker.java:111)
	at org.testng.TestRunner.privateRun(TestRunner.java:767)
	at org.testng.TestRunner.run(TestRunner.java:617)
	at org.testng.SuiteRunner.runTest(SuiteRunner.java:334)
	at org.testng.SuiteRunner.access$000(SuiteRunner.java:37)
	at org.testng.SuiteRunner$SuiteWorker.run(SuiteRunner.java:368)
	at org.testng.internal.thread.ThreadUtil$2.call(ThreadUtil.java:64)
	at java.base/java.util.concurrent.FutureTask.run(FutureTask.java:264)
	at java.base/java.util.concurrent.ThreadPoolExecutor.runWorker(ThreadPoolExecutor.java:1128)
	at java.base/java.util.concurrent.ThreadPoolExecutor$Worker.run(ThreadPoolExecutor.java:628)
	at java.base/java.lang.Thread.run(Thread.java:834)
]]>
    </failure>
  </testcase> <!-- step175_VerifyOrderTotalAmtIN_adyen -->
  <testcase classname="src.in.valtech.cl.scenarios.TC_Scenario_04" name="step02_MouseoverOnL1CategoryAndClickL2KateCategory" time="94.507"/>
  <testcase classname="src.in.valtech.cl.scenarios.TC_Scenario_04" name="step143_VerifiedOrderStatusInOrdersPage" time="56.948"/>
  <testcase classname="src.in.valtech.cl.scenarios.TC_Scenario_04" name="step32_VerifyInitialSaleableStock" time="12.196"/>
  <testcase classname="src.in.valtech.cl.scenarios.TC_Scenario_04" name="step158_EnterValueInApprovedField" time="2.156"/>
  <testcase classname="src.in.valtech.cl.scenarios.TC_Scenario_04" name="step9_ClickOnInStoreAvailabilityButtonAndCloseOverlay" time="0.014"/>
  <testcase classname="src.in.valtech.cl.scenarios.TC_Scenario_04" name="step113_VerifyOrderTotalAmtIN_adyen" time="0.285"/>
  <testcase classname="src.in.valtech.cl.scenarios.TC_Scenario_04" name="step38_VerifiedDashboardHeaderInBO" time="15.152"/>
  <testcase classname="src.in.valtech.cl.scenarios.TC_Scenario_04" name="step97_NavigatedIntoWMSAndClickOnPackingBtn" time="9.755"/>
  <testcase classname="src.in.valtech.cl.scenarios.TC_Scenario_04" name="step60_ClickOnPaypalCardRadioBtn" time="7.188"/>
  <testcase classname="src.in.valtech.cl.scenarios.TC_Scenario_04" name="step36_EnteredPasswordField" time="4.276"/>
  <testcase classname="src.in.valtech.cl.scenarios.TC_Scenario_04" name="step56_VerifyShippingMethod" time="2.247"/>
  <testcase classname="src.in.valtech.cl.scenarios.TC_Scenario_04" name="step79_ClickOrderstxtFromSalesIcon" time="20.042"/>
  <testcase classname="src.in.valtech.cl.scenarios.TC_Scenario_04" name="step88_VerifiedSaleableStockQntyDecBy1InBOAferPlacingTheOrder" time="81.843"/>
  <testcase classname="src.in.valtech.cl.scenarios.TC_Scenario_04" name="step71_VerifiedContinueShoppingButton" time="0.205"/>
  <testcase classname="src.in.valtech.cl.scenarios.TC_Scenario_04" name="step126_EnterValueInRequestedField" time="2.155"/>
</testsuite> <!-- src.in.valtech.cl.scenarios.TC_Scenario_04 -->
