<?xml version="1.0" encoding="UTF-8"?>
<!-- Generated by org.testng.reporters.JUnitReportReporter -->
<testsuite hostname="IN-PF42S2RF" failures="2" tests="136" name="src.in.valtech.cl.scenarios.TC_Scenario_03" time="2706.007" errors="0" timestamp="19 Feb 2024 13:52:16 GMT">
  <testcase classname="src.in.valtech.cl.scenarios.TC_Scenario_03" name="step83_ClickProductstxtFromCatalogIcon" time="26.308"/>
  <testcase classname="src.in.valtech.cl.scenarios.TC_Scenario_03" name="step89_EnteredAddressNameField" time="2.291"/>
  <testcase classname="src.in.valtech.cl.scenarios.TC_Scenario_03" name="step53_VerifiedPDPConfirmationMessagePopUPModal" time="6.676"/>
  <testcase classname="src.in.valtech.cl.scenarios.TC_Scenario_03" name="step14_ClickAllCustomerstxtFromCustomersIcon" time="13.819"/>
  <testcase classname="src.in.valtech.cl.scenarios.TC_Scenario_03" name="step51_VerifyMainThumbnailImg" time="0.153"/>
  <testcase classname="src.in.valtech.cl.scenarios.TC_Scenario_03" name="step57_ClickonYourCartLinkInConfirmationOverlay" time="15.272"/>
  <testcase classname="src.in.valtech.cl.scenarios.TC_Scenario_03" name="step67_VerifiedShippingAddressHeaderInCP" time="0.169"/>
  <testcase classname="src.in.valtech.cl.scenarios.TC_Scenario_03" name="step69_LoggedIntoWMS" time="23.931"/>
  <testcase classname="src.in.valtech.cl.scenarios.TC_Scenario_03" name="step117_EnteredCVVField" time="2.326"/>
  <testcase classname="src.in.valtech.cl.scenarios.TC_Scenario_03" name="step01_NavigatedtoCLHomePage" time="104.825"/>
  <testcase classname="src.in.valtech.cl.scenarios.TC_Scenario_03" name="step11_ClickOnSignInButton" time="43.142"/>
  <testcase classname="src.in.valtech.cl.scenarios.TC_Scenario_03" name="step99_ClickOnSecondShipMethodRadioButton" time="12.247"/>
  <testcase classname="src.in.valtech.cl.scenarios.TC_Scenario_03" name="step136_ClickOnPaymentOptionFromTransaction" time="26.333"/>
  <testcase classname="src.in.valtech.cl.scenarios.TC_Scenario_03" name="step137_EnterOrderIDinPaymentTab_adyen" time="20.348"/>
  <testcase classname="src.in.valtech.cl.scenarios.TC_Scenario_03" name="step104_UncheckMyBAandSABothSame_Checkbox" time="0.001"/>
  <testcase classname="src.in.valtech.cl.scenarios.TC_Scenario_03" name="step87_VerifiedProductPriceinPDP" time="2.099"/>
  <testcase classname="src.in.valtech.cl.scenarios.TC_Scenario_03" name="step96_EnteredPhoneNumberField" time="5.029"/>
  <testcase classname="src.in.valtech.cl.scenarios.TC_Scenario_03" name="step58_VerifiedMyCartHeaderInMCP" time="0.050"/>
  <testcase classname="src.in.valtech.cl.scenarios.TC_Scenario_03" name="step110_EnteredPostCodeField" time="0.001"/>
  <testcase classname="src.in.valtech.cl.scenarios.TC_Scenario_03" name="step74_ClickOnDetailsButtonForSimpleProd" time="14.225"/>
  <testcase classname="src.in.valtech.cl.scenarios.TC_Scenario_03" name="step64_VerifiedGiftOptionsHeaderInCP" time="0.061"/>
  <testcase classname="src.in.valtech.cl.scenarios.TC_Scenario_03" name="step100_ClickOnContinueToPayemntButton" time="7.228"/>
  <testcase classname="src.in.valtech.cl.scenarios.TC_Scenario_03" name="step148_VerifyOrderConfirmationMailContents" time="5.780"/>
  <testcase classname="src.in.valtech.cl.scenarios.TC_Scenario_03" name="step08_OpenNewTabAndNavigatedtoMagentoBO" time="11.225"/>
  <testcase classname="src.in.valtech.cl.scenarios.TC_Scenario_03" name="step48_ClickonProductInfoAndVerifiedContent" time="13.170"/>
  <testcase classname="src.in.valtech.cl.scenarios.TC_Scenario_03" name="step07_VerificationOfFooterSocialIcons" time="0.232"/>
  <testcase classname="src.in.valtech.cl.scenarios.TC_Scenario_03" name="step127_NavigatedBackToMagentoAndClickOnSalesIcon" time="12.233"/>
  <testcase classname="src.in.valtech.cl.scenarios.TC_Scenario_03" name="step141_VerifiedOrderStatusInOrdersPage" time="202.534"/>
  <testcase classname="src.in.valtech.cl.scenarios.TC_Scenario_03" name="step91_EnteredFirstNameField" time="2.481"/>
  <testcase classname="src.in.valtech.cl.scenarios.TC_Scenario_03" name="step95_EnteredCityField" time="7.403"/>
  <testcase classname="src.in.valtech.cl.scenarios.TC_Scenario_03" name="step102_ClickOnCreditCardRadioBtn" time="7.207"/>
  <testcase classname="src.in.valtech.cl.scenarios.TC_Scenario_03" name="step03_VerificationOfProductWidgets" time="0.596"/>
  <testcase classname="src.in.valtech.cl.scenarios.TC_Scenario_03" name="step50_ClickonShippingAndVerifiedContent" time="5.519"/>
  <testcase classname="src.in.valtech.cl.scenarios.TC_Scenario_03" name="step45_VerifiedContactUslink" time="0.047"/>
  <testcase classname="src.in.valtech.cl.scenarios.TC_Scenario_03" name="step72_ClickOnProductsFromDataLists" time="10.163"/>
  <testcase classname="src.in.valtech.cl.scenarios.TC_Scenario_03" name="step75_VerifyInitialSaleableStock" time="12.209"/>
  <testcase classname="src.in.valtech.cl.scenarios.TC_Scenario_03" name="step108_EnteredLastNameField" time="0.001"/>
  <testcase classname="src.in.valtech.cl.scenarios.TC_Scenario_03" name="step63_VerifyLoginSectionAtCheckoutStep1" time="6.381"/>
  <testcase classname="src.in.valtech.cl.scenarios.TC_Scenario_03" name="step42_VerifiedColorSwatches" time="22.072"/>
  <testcase classname="src.in.valtech.cl.scenarios.TC_Scenario_03" name="step135_ClickOnRejectedBtn" time="44.215"/>
  <testcase classname="src.in.valtech.cl.scenarios.TC_Scenario_03" name="step139_NavigatedIntoMangetoAndVerifiedOrderStatusInOrdersPage" time="12.544"/>
  <testcase classname="src.in.valtech.cl.scenarios.TC_Scenario_03" name="step94_EnteredPostCodeField" time="5.656"/>
  <testcase classname="src.in.valtech.cl.scenarios.TC_Scenario_03" name="step37_VerificationOfCategoryPage" time="0.289"/>
  <testcase classname="src.in.valtech.cl.scenarios.TC_Scenario_03" name="step40_VerifiedProductPriceinPDP" time="2.162"/>
  <testcase classname="src.in.valtech.cl.scenarios.TC_Scenario_03" name="step143_ClickOnMyOrdersLink" time="9.863"/>
  <testcase classname="src.in.valtech.cl.scenarios.TC_Scenario_03" name="step112_VerifiedCountryField" time="0.000"/>
  <testcase classname="src.in.valtech.cl.scenarios.TC_Scenario_03" name="step147_VerifyAccountCreationConfirmationMailContents" time="6.270"/>
  <testcase classname="src.in.valtech.cl.scenarios.TC_Scenario_03" name="step02_VerificationOfHomepageLogo" time="48.261"/>
  <testcase classname="src.in.valtech.cl.scenarios.TC_Scenario_03" name="step123_ClickOnMyAccountIcon" time="2.981"/>
  <testcase classname="src.in.valtech.cl.scenarios.TC_Scenario_03" name="step23_EnterLastNameField" time="4.280"/>
  <testcase classname="src.in.valtech.cl.scenarios.TC_Scenario_03" name="step44_ClickOnInStoreAvailabilityButtonAndCloseOverlay" time="0.015"/>
  <testcase classname="src.in.valtech.cl.scenarios.TC_Scenario_03" name="step116_EnteredExpiryDateField" time="4.369"/>
  <testcase classname="src.in.valtech.cl.scenarios.TC_Scenario_03" name="step54_ClosePDPConfirmationMessagePopUPModal" time="5.141"/>
  <testcase classname="src.in.valtech.cl.scenarios.TC_Scenario_03" name="step134_ClickOrderIDCheckbox" time="20.082"/>
  <testcase classname="src.in.valtech.cl.scenarios.TC_Scenario_03" name="step06_VerificationOfFooterSocialIconText" time="2.220"/>
  <testcase classname="src.in.valtech.cl.scenarios.TC_Scenario_03" name="step52_ClickonAddToCartButton" time="7.582"/>
  <testcase classname="src.in.valtech.cl.scenarios.TC_Scenario_03" name="step59_VerifyDetails_MainCart" time="22.388"/>
  <testcase classname="src.in.valtech.cl.scenarios.TC_Scenario_03" name="step115_EnteredCreditNumberField" time="2.584"/>
  <testcase classname="src.in.valtech.cl.scenarios.TC_Scenario_03" name="step130_VerifiedOrderStatusInOrdersPage" time="574.471"/>
  <testcase classname="src.in.valtech.cl.scenarios.TC_Scenario_03" name="step17_DeletedExistCustomerAccountFromCustomerGridResultInBO" time="50.907"/>
  <testcase classname="src.in.valtech.cl.scenarios.TC_Scenario_03" name="step43_VerifiedAddtoCartbtnInPDP" time="0.045"/>
  <testcase classname="src.in.valtech.cl.scenarios.TC_Scenario_03" name="step62_ClickOnProceedToCheckOutCTA" time="33.884"/>
  <testcase classname="src.in.valtech.cl.scenarios.TC_Scenario_03" name="step92_EnteredLastNameField" time="2.266"/>
  <testcase classname="src.in.valtech.cl.scenarios.TC_Scenario_03" name="step118_EnteredCardHolderField" time="0.342"/>
  <testcase classname="src.in.valtech.cl.scenarios.TC_Scenario_03" name="step98_VerifiedShippingMethodsHeaderInCP" time="0.060"/>
  <testcase classname="src.in.valtech.cl.scenarios.TC_Scenario_03" name="step30_ClickCreateCustomerAccountBtn" time="10.555"/>
  <testcase classname="src.in.valtech.cl.scenarios.TC_Scenario_03" name="step121_VerifiedSuccessMsgAfterPlacingOrder" time="16.647"/>
  <testcase classname="src.in.valtech.cl.scenarios.TC_Scenario_03" name="step101_VerifiedPaymentoptions" time="2.358"/>
  <testcase classname="src.in.valtech.cl.scenarios.TC_Scenario_03" name="step60_ClickOnDecreaseQtyIcon" time="17.545"/>
  <testcase classname="src.in.valtech.cl.scenarios.TC_Scenario_03" name="step114_ClickOnUpdateBtn" time="0.014"/>
  <testcase classname="src.in.valtech.cl.scenarios.TC_Scenario_03" name="step26_EnterPasswordField" time="4.870"/>
  <testcase classname="src.in.valtech.cl.scenarios.TC_Scenario_03" name="step25_EnterEmailAddressField" time="4.791"/>
  <testcase classname="src.in.valtech.cl.scenarios.TC_Scenario_03" name="step133_ClickCaseMgmtOPtionINAdyen" time="23.148"/>
  <testcase classname="src.in.valtech.cl.scenarios.TC_Scenario_03" name="step107_EnteredFirstNameField" time="0.000"/>
  <testcase classname="src.in.valtech.cl.scenarios.TC_Scenario_03" name="step66_ClickOnUpdateButtonInCP" time="5.281"/>
  <testcase classname="src.in.valtech.cl.scenarios.TC_Scenario_03" name="step28_EnterConfirmPasswordField" time="5.599"/>
  <testcase classname="src.in.valtech.cl.scenarios.TC_Scenario_03" name="step128_ClickOrderstxtFromSalesIcon" time="14.412"/>
  <testcase classname="src.in.valtech.cl.scenarios.TC_Scenario_03" name="step71_MouseOverElementOnDataListsMenu" time="11.962"/>
  <testcase classname="src.in.valtech.cl.scenarios.TC_Scenario_03" name="step105_EnteredAddressNameField" time="0.000"/>
  <testcase classname="src.in.valtech.cl.scenarios.TC_Scenario_03" name="step56_VerifiedPDPConfirmationMessagePopUPModal" time="6.558"/>
  <testcase classname="src.in.valtech.cl.scenarios.TC_Scenario_03" name="step86_NavigatedIntoFOAndVerifiedProductNameinPDP" time="4.207"/>
  <testcase classname="src.in.valtech.cl.scenarios.TC_Scenario_03" name="step124_ClickOnMyOrdersLink" time="8.713"/>
  <testcase classname="src.in.valtech.cl.scenarios.TC_Scenario_03" name="step55_ClickonAddToCartButton" time="11.875"/>
  <testcase classname="src.in.valtech.cl.scenarios.TC_Scenario_03" name="step31_VerifyRegisteredSuccessMsgTxt" time="7.184"/>
  <testcase classname="src.in.valtech.cl.scenarios.TC_Scenario_03" name="step38_ClickOnProductImg" time="19.075"/>
  <testcase classname="src.in.valtech.cl.scenarios.TC_Scenario_03" name="step19_VerificationOfAllTxtLnkBtn_InMyAccountModal" time="0.045"/>
  <testcase classname="src.in.valtech.cl.scenarios.TC_Scenario_03" name="step24_EnterFirstNameField" time="4.403"/>
  <testcase classname="src.in.valtech.cl.scenarios.TC_Scenario_03" name="step73_EnterSearchableSKUAndClickOnSubmitFilter" time="23.016"/>
  <testcase classname="src.in.valtech.cl.scenarios.TC_Scenario_03" name="step36_ClickOnL2KateLadiesCategory" time="17.412"/>
  <testcase classname="src.in.valtech.cl.scenarios.TC_Scenario_03" name="step68_OpenNewTabAndNavigatedtoWMS" time="5.956"/>
  <testcase classname="src.in.valtech.cl.scenarios.TC_Scenario_03" name="step29_ClickTermsConditionCheckbox" time="20.624"/>
  <testcase classname="src.in.valtech.cl.scenarios.TC_Scenario_03" name="step142_ClickOnMyAccountIcon" time="23.302"/>
  <testcase classname="src.in.valtech.cl.scenarios.TC_Scenario_03" name="step32_VerifyUserNameInMYAccount" time="5.081"/>
  <testcase classname="src.in.valtech.cl.scenarios.TC_Scenario_03" name="step39_VerifiedProductNameinPDP" time="2.149"/>
  <testcase classname="src.in.valtech.cl.scenarios.TC_Scenario_03" name="step49_ClickonProductCareAndVerifiedContent" time="5.848"/>
  <testcase classname="src.in.valtech.cl.scenarios.TC_Scenario_03" name="step16_SearchForCustomerAccount" time="15.809"/>
  <testcase classname="src.in.valtech.cl.scenarios.TC_Scenario_03" name="step10_EnteredPasswordField" time="4.474"/>
  <testcase classname="src.in.valtech.cl.scenarios.TC_Scenario_03" name="step05_VerificationOfFooterLinks" time="1.566"/>
  <testcase classname="src.in.valtech.cl.scenarios.TC_Scenario_03" name="step76_VerifyReservedStock" time="10.074"/>
  <testcase classname="src.in.valtech.cl.scenarios.TC_Scenario_03" name="step09_EnteredUsernameField" time="4.454"/>
  <testcase classname="src.in.valtech.cl.scenarios.TC_Scenario_03" name="step103_VerifiedMyBAandSABothSame_CheckboxIsAutoSelected" time="0.017"/>
  <testcase classname="src.in.valtech.cl.scenarios.TC_Scenario_03" name="step113_EnterPhoneNumField" time="0.001"/>
  <testcase classname="src.in.valtech.cl.scenarios.TC_Scenario_03" name="step90_VerifiedPrefixNameDpdIsAutoSelectedOrNot" time="0.170"/>
  <testcase classname="src.in.valtech.cl.scenarios.TC_Scenario_03" name="step129_VerifiedOrdersHeaderInBO" time="10.112"/>
  <testcase classname="src.in.valtech.cl.scenarios.TC_Scenario_03" name="step04_VerificationOfFooterHeaderText" time="0.976"/>
  <testcase classname="src.in.valtech.cl.scenarios.TC_Scenario_03" name="step18_ClickMyAccountBtn" time="9.437"/>
  <testcase classname="src.in.valtech.cl.scenarios.TC_Scenario_03" name="step61_ComparingTotalCorrectSummaryAmountAfterRemovingOneProductQnty" time="0.060"/>
  <testcase classname="src.in.valtech.cl.scenarios.TC_Scenario_03" name="step12_VerifiedDashboardHeaderInBO" time="10.159"/>
  <testcase classname="src.in.valtech.cl.scenarios.TC_Scenario_03" name="step125_VerifiedOrderStatusInMyOrdersPage" time="44.928"/>
  <testcase classname="src.in.valtech.cl.scenarios.TC_Scenario_03" name="step131_OpenNewTabAndNavigatedtoAdyen" time="7.833"/>
  <testcase classname="src.in.valtech.cl.scenarios.TC_Scenario_03" name="step41_VerifiedBrandnameinPDP" time="2.124"/>
  <testcase classname="src.in.valtech.cl.scenarios.TC_Scenario_03" name="step140_ClickOrderstxtFromSalesIcon" time="18.797"/>
  <testcase classname="src.in.valtech.cl.scenarios.TC_Scenario_03" name="step138_VerifyOrderRMAStatusIN_adyen" time="436.919"/>
  <testcase classname="src.in.valtech.cl.scenarios.TC_Scenario_03" name="step13_ClickOnCustomersIcon" time="12.359"/>
  <testcase classname="src.in.valtech.cl.scenarios.TC_Scenario_03" name="step21_VerifiedPrefixDropdownIsAutoSelected" time="2.157"/>
  <testcase classname="src.in.valtech.cl.scenarios.TC_Scenario_03" name="step20_ClickAccountCreateBtn" time="12.662"/>
  <testcase classname="src.in.valtech.cl.scenarios.TC_Scenario_03" name="step144_VerifiedOrderStatusInMyOrdersPage" time="0.155"/>
  <testcase classname="src.in.valtech.cl.scenarios.TC_Scenario_03" name="step119_CheckedOnPrivacyPolicyAndReturnPolicyCheckbox" time="14.328"/>
  <testcase classname="src.in.valtech.cl.scenarios.TC_Scenario_03" name="step106_SelectPrefixNameDpdn" time="0.001"/>
  <testcase classname="src.in.valtech.cl.scenarios.TC_Scenario_03" name="step65_ScrollDownTillGiftWrappingImgAndSelectedInCP" time="0.097"/>
  <testcase classname="src.in.valtech.cl.scenarios.TC_Scenario_03" name="step46_ClickOnSizeGuideAndCloseOverlay" time="8.704"/>
  <testcase classname="src.in.valtech.cl.scenarios.TC_Scenario_03" name="step15_VerifyCustomersHeadertxtInBO" time="10.176"/>
  <testcase classname="src.in.valtech.cl.scenarios.TC_Scenario_03" name="step132_LoggedIntoAdyen" time="43.571"/>
  <testcase classname="src.in.valtech.cl.scenarios.TC_Scenario_03" name="step33_VerifiedMyAccountPageContents" time="2.522"/>
  <testcase classname="src.in.valtech.cl.scenarios.TC_Scenario_03" name="step109_EnteredAddressField" time="0.001"/>
  <testcase classname="src.in.valtech.cl.scenarios.TC_Scenario_03" name="step93_EnteredAddressField" time="5.583"/>
  <testcase classname="src.in.valtech.cl.scenarios.TC_Scenario_03" name="step122_VerifiedYourOrderID" time="2.143"/>
  <testcase classname="src.in.valtech.cl.scenarios.TC_Scenario_03" name="step85_VerifyInitialSaleableStock" time="20.075">
    <failure message="no such element: Unable to locate element: {&quot;method&quot;:&quot;xpath&quot;,&quot;selector&quot;:&quot;//div[text()=&#039;3615482722158&#039;]/../following-sibling::td[4]&quot;}
  (Session info: chrome=121.0.6167.185)
For documentation on this error, please visit: https://www.seleniumhq.org/exceptions/no_such_element.html
Build info: version: &#039;3.141.59&#039;, revision: &#039;e82be7d358&#039;, time: &#039;2018-11-14T08:17:03&#039;
System info: host: &#039;IN-PF42S2RF&#039;, ip: &#039;192.168.85.57&#039;, os.name: &#039;Windows 10&#039;, os.arch: &#039;amd64&#039;, os.version: &#039;10.0&#039;, java.version: &#039;11.0.2&#039;
Driver info: org.openqa.selenium.chrome.ChromeDriver
Capabilities {acceptInsecureCerts: false, browserName: chrome, browserVersion: 121.0.6167.185, chrome: {chromedriverVersion: 121.0.6167.85 (3f98d690ad7e..., userDataDir: C:\Users\CHAITR~1.BAB\AppDa...}, fedcm:accounts: true, goog:chromeOptions: {debuggerAddress: localhost:62908}, javascriptEnabled: true, networkConnectionEnabled: false, pageLoadStrategy: normal, platform: WINDOWS, platformName: WINDOWS, proxy: Proxy(), setWindowRect: true, strictFileInteractability: false, timeouts: {implicit: 0, pageLoad: 300000, script: 30000}, unhandledPromptBehavior: dismiss and notify, webauthn:extension:credBlob: true, webauthn:extension:largeBlob: true, webauthn:extension:minPinLength: true, webauthn:extension:prf: true, webauthn:virtualAuthenticators: true}
Session ID: eb2904d38b4d1a3e09e41f1030d90028
*** Element info: {Using=xpath, value=//div[text()=&#039;3615482722158&#039;]/../following-sibling::td[4]}" type="org.openqa.selenium.NoSuchElementException">
      <![CDATA[org.openqa.selenium.NoSuchElementException: no such element: Unable to locate element: {"method":"xpath","selector":"//div[text()='3615482722158']/../following-sibling::td[4]"}
  (Session info: chrome=121.0.6167.185)
For documentation on this error, please visit: https://www.seleniumhq.org/exceptions/no_such_element.html
Build info: version: '3.141.59', revision: 'e82be7d358', time: '2018-11-14T08:17:03'
System info: host: 'IN-PF42S2RF', ip: '192.168.85.57', os.name: 'Windows 10', os.arch: 'amd64', os.version: '10.0', java.version: '11.0.2'
Driver info: org.openqa.selenium.chrome.ChromeDriver
Capabilities {acceptInsecureCerts: false, browserName: chrome, browserVersion: 121.0.6167.185, chrome: {chromedriverVersion: 121.0.6167.85 (3f98d690ad7e..., userDataDir: C:\Users\CHAITR~1.BAB\AppDa...}, fedcm:accounts: true, goog:chromeOptions: {debuggerAddress: localhost:62908}, javascriptEnabled: true, networkConnectionEnabled: false, pageLoadStrategy: normal, platform: WINDOWS, platformName: WINDOWS, proxy: Proxy(), setWindowRect: true, strictFileInteractability: false, timeouts: {implicit: 0, pageLoad: 300000, script: 30000}, unhandledPromptBehavior: dismiss and notify, webauthn:extension:credBlob: true, webauthn:extension:largeBlob: true, webauthn:extension:minPinLength: true, webauthn:extension:prf: true, webauthn:virtualAuthenticators: true}
Session ID: eb2904d38b4d1a3e09e41f1030d90028
*** Element info: {Using=xpath, value=//div[text()='3615482722158']/../following-sibling::td[4]}
	at jdk.internal.reflect.GeneratedConstructorAccessor74.newInstance(Unknown Source)
	at java.base/jdk.internal.reflect.DelegatingConstructorAccessorImpl.newInstance(DelegatingConstructorAccessorImpl.java:45)
	at java.base/java.lang.reflect.Constructor.newInstance(Constructor.java:490)
	at org.openqa.selenium.remote.http.W3CHttpResponseCodec.createException(W3CHttpResponseCodec.java:185)
	at org.openqa.selenium.remote.http.W3CHttpResponseCodec.decode(W3CHttpResponseCodec.java:120)
	at org.openqa.selenium.remote.http.W3CHttpResponseCodec.decode(W3CHttpResponseCodec.java:49)
	at org.openqa.selenium.remote.HttpCommandExecutor.execute(HttpCommandExecutor.java:164)
	at org.openqa.selenium.remote.service.DriverCommandExecutor.execute(DriverCommandExecutor.java:83)
	at org.openqa.selenium.remote.RemoteWebDriver.execute(RemoteWebDriver.java:586)
	at org.openqa.selenium.remote.RemoteWebDriver.findElement(RemoteWebDriver.java:356)
	at org.openqa.selenium.remote.RemoteWebDriver.findElementByXPath(RemoteWebDriver.java:458)
	at org.openqa.selenium.By$ByXPath.findElement(By.java:353)
	at org.openqa.selenium.remote.RemoteWebDriver.findElement(RemoteWebDriver.java:348)
	at src.in.valtech.cl.back.pages.BackOfficePage.VerifyInitialSaleableStockInBO(BackOfficePage.java:1717)
	at src.in.valtech.cl.scenarios.TC_Scenario_03.step85_VerifyInitialSaleableStock(TC_Scenario_03.java:647)
	at java.base/jdk.internal.reflect.NativeMethodAccessorImpl.invoke0(Native Method)
	at java.base/jdk.internal.reflect.NativeMethodAccessorImpl.invoke(NativeMethodAccessorImpl.java:62)
	at java.base/jdk.internal.reflect.DelegatingMethodAccessorImpl.invoke(DelegatingMethodAccessorImpl.java:43)
	at java.base/java.lang.reflect.Method.invoke(Method.java:566)
	at org.testng.internal.MethodInvocationHelper.invokeMethod(MethodInvocationHelper.java:80)
	at org.testng.internal.Invoker.invokeMethod(Invoker.java:714)
	at org.testng.internal.Invoker.invokeTestMethod(Invoker.java:901)
	at org.testng.internal.Invoker.invokeTestMethods(Invoker.java:1231)
	at org.testng.internal.TestMethodWorker.invokeTestMethods(TestMethodWorker.java:127)
	at org.testng.internal.TestMethodWorker.run(TestMethodWorker.java:111)
	at org.testng.TestRunner.privateRun(TestRunner.java:767)
	at org.testng.TestRunner.run(TestRunner.java:617)
	at org.testng.SuiteRunner.runTest(SuiteRunner.java:334)
	at org.testng.SuiteRunner.access$000(SuiteRunner.java:37)
	at org.testng.SuiteRunner$SuiteWorker.run(SuiteRunner.java:368)
	at org.testng.internal.thread.ThreadUtil$2.call(ThreadUtil.java:64)
	at java.base/java.util.concurrent.FutureTask.run(FutureTask.java:264)
	at java.base/java.util.concurrent.ThreadPoolExecutor.runWorker(ThreadPoolExecutor.java:1128)
	at java.base/java.util.concurrent.ThreadPoolExecutor$Worker.run(ThreadPoolExecutor.java:628)
	at java.base/java.lang.Thread.run(Thread.java:834)
]]>
    </failure>
  </testcase> <!-- step85_VerifyInitialSaleableStock -->
  <testcase classname="src.in.valtech.cl.scenarios.TC_Scenario_03" name="step47_ClickOnSelectYourSizeButtonAndSelectAnySize" time="22.841"/>
  <testcase classname="src.in.valtech.cl.scenarios.TC_Scenario_03" name="step111_EnteredCityField" time="0.000"/>
  <testcase classname="src.in.valtech.cl.scenarios.TC_Scenario_03" name="step82_NavigatedIntoMagentoBOAndClickOnCatalogIcon" time="12.780"/>
  <testcase classname="src.in.valtech.cl.scenarios.TC_Scenario_03" name="step35_MouseoverOnL1Category" time="0.866"/>
  <testcase classname="src.in.valtech.cl.scenarios.TC_Scenario_03" name="step145_ComparedSeleableStockInWMSAndBOBothAreSameAfterRejectingTheOrder" time="127.492"/>
  <testcase classname="src.in.valtech.cl.scenarios.TC_Scenario_03" name="step84_SearchForProductSeleableStockInBO" time="20.715">
    <failure message="element click intercepted: Element &lt;div class=&quot;admin__form-field-control&quot;&gt;...&lt;/div&gt; is not clickable at point (620, 500). Other element would receive the click: &lt;div data-role=&quot;spinner&quot; data-component=&quot;product_listing.product_listing.product_columns&quot; class=&quot;admin__data-grid-loading-mask&quot; style=&quot;&quot;&gt;...&lt;/div&gt;
  (Session info: chrome=121.0.6167.185)
Build info: version: &#039;3.141.59&#039;, revision: &#039;e82be7d358&#039;, time: &#039;2018-11-14T08:17:03&#039;
System info: host: &#039;IN-PF42S2RF&#039;, ip: &#039;192.168.85.57&#039;, os.name: &#039;Windows 10&#039;, os.arch: &#039;amd64&#039;, os.version: &#039;10.0&#039;, java.version: &#039;11.0.2&#039;
Driver info: org.openqa.selenium.chrome.ChromeDriver
Capabilities {acceptInsecureCerts: false, browserName: chrome, browserVersion: 121.0.6167.185, chrome: {chromedriverVersion: 121.0.6167.85 (3f98d690ad7e..., userDataDir: C:\Users\CHAITR~1.BAB\AppDa...}, fedcm:accounts: true, goog:chromeOptions: {debuggerAddress: localhost:62908}, javascriptEnabled: true, networkConnectionEnabled: false, pageLoadStrategy: normal, platform: WINDOWS, platformName: WINDOWS, proxy: Proxy(), setWindowRect: true, strictFileInteractability: false, timeouts: {implicit: 0, pageLoad: 300000, script: 30000}, unhandledPromptBehavior: dismiss and notify, webauthn:extension:credBlob: true, webauthn:extension:largeBlob: true, webauthn:extension:minPinLength: true, webauthn:extension:prf: true, webauthn:virtualAuthenticators: true}
Session ID: eb2904d38b4d1a3e09e41f1030d90028" type="org.openqa.selenium.ElementClickInterceptedException">
      <![CDATA[org.openqa.selenium.ElementClickInterceptedException: element click intercepted: Element <div class="admin__form-field-control">...</div> is not clickable at point (620, 500). Other element would receive the click: <div data-role="spinner" data-component="product_listing.product_listing.product_columns" class="admin__data-grid-loading-mask" style="">...</div>
  (Session info: chrome=121.0.6167.185)
Build info: version: '3.141.59', revision: 'e82be7d358', time: '2018-11-14T08:17:03'
System info: host: 'IN-PF42S2RF', ip: '192.168.85.57', os.name: 'Windows 10', os.arch: 'amd64', os.version: '10.0', java.version: '11.0.2'
Driver info: org.openqa.selenium.chrome.ChromeDriver
Capabilities {acceptInsecureCerts: false, browserName: chrome, browserVersion: 121.0.6167.185, chrome: {chromedriverVersion: 121.0.6167.85 (3f98d690ad7e..., userDataDir: C:\Users\CHAITR~1.BAB\AppDa...}, fedcm:accounts: true, goog:chromeOptions: {debuggerAddress: localhost:62908}, javascriptEnabled: true, networkConnectionEnabled: false, pageLoadStrategy: normal, platform: WINDOWS, platformName: WINDOWS, proxy: Proxy(), setWindowRect: true, strictFileInteractability: false, timeouts: {implicit: 0, pageLoad: 300000, script: 30000}, unhandledPromptBehavior: dismiss and notify, webauthn:extension:credBlob: true, webauthn:extension:largeBlob: true, webauthn:extension:minPinLength: true, webauthn:extension:prf: true, webauthn:virtualAuthenticators: true}
Session ID: eb2904d38b4d1a3e09e41f1030d90028
	at java.base/jdk.internal.reflect.NativeConstructorAccessorImpl.newInstance0(Native Method)
	at java.base/jdk.internal.reflect.NativeConstructorAccessorImpl.newInstance(NativeConstructorAccessorImpl.java:62)
	at java.base/jdk.internal.reflect.DelegatingConstructorAccessorImpl.newInstance(DelegatingConstructorAccessorImpl.java:45)
	at java.base/java.lang.reflect.Constructor.newInstance(Constructor.java:490)
	at org.openqa.selenium.remote.http.W3CHttpResponseCodec.createException(W3CHttpResponseCodec.java:185)
	at org.openqa.selenium.remote.http.W3CHttpResponseCodec.decode(W3CHttpResponseCodec.java:120)
	at org.openqa.selenium.remote.http.W3CHttpResponseCodec.decode(W3CHttpResponseCodec.java:49)
	at org.openqa.selenium.remote.HttpCommandExecutor.execute(HttpCommandExecutor.java:164)
	at org.openqa.selenium.remote.service.DriverCommandExecutor.execute(DriverCommandExecutor.java:83)
	at org.openqa.selenium.remote.RemoteWebDriver.execute(RemoteWebDriver.java:586)
	at org.openqa.selenium.remote.RemoteWebElement.execute(RemoteWebElement.java:279)
	at org.openqa.selenium.remote.RemoteWebElement.click(RemoteWebElement.java:83)
	at src.in.valtech.cl.back.pages.BackOfficePage.SearchForProductSeleableStockInBO(BackOfficePage.java:1552)
	at src.in.valtech.cl.scenarios.TC_Scenario_03.step84_SearchForProductSeleableStockInBO(TC_Scenario_03.java:642)
	at java.base/jdk.internal.reflect.NativeMethodAccessorImpl.invoke0(Native Method)
	at java.base/jdk.internal.reflect.NativeMethodAccessorImpl.invoke(NativeMethodAccessorImpl.java:62)
	at java.base/jdk.internal.reflect.DelegatingMethodAccessorImpl.invoke(DelegatingMethodAccessorImpl.java:43)
	at java.base/java.lang.reflect.Method.invoke(Method.java:566)
	at org.testng.internal.MethodInvocationHelper.invokeMethod(MethodInvocationHelper.java:80)
	at org.testng.internal.Invoker.invokeMethod(Invoker.java:714)
	at org.testng.internal.Invoker.invokeTestMethod(Invoker.java:901)
	at org.testng.internal.Invoker.invokeTestMethods(Invoker.java:1231)
	at org.testng.internal.TestMethodWorker.invokeTestMethods(TestMethodWorker.java:127)
	at org.testng.internal.TestMethodWorker.run(TestMethodWorker.java:111)
	at org.testng.TestRunner.privateRun(TestRunner.java:767)
	at org.testng.TestRunner.run(TestRunner.java:617)
	at org.testng.SuiteRunner.runTest(SuiteRunner.java:334)
	at org.testng.SuiteRunner.access$000(SuiteRunner.java:37)
	at org.testng.SuiteRunner$SuiteWorker.run(SuiteRunner.java:368)
	at org.testng.internal.thread.ThreadUtil$2.call(ThreadUtil.java:64)
	at java.base/java.util.concurrent.FutureTask.run(FutureTask.java:264)
	at java.base/java.util.concurrent.ThreadPoolExecutor.runWorker(ThreadPoolExecutor.java:1128)
	at java.base/java.util.concurrent.ThreadPoolExecutor$Worker.run(ThreadPoolExecutor.java:628)
	at java.base/java.lang.Thread.run(Thread.java:834)
]]>
    </failure>
  </testcase> <!-- step84_SearchForProductSeleableStockInBO -->
  <testcase classname="src.in.valtech.cl.scenarios.TC_Scenario_03" name="step120_ClickOnProceedButtonAtPaymentSection" time="5.241"/>
  <testcase classname="src.in.valtech.cl.scenarios.TC_Scenario_03" name="step70_ClickOnOKbutton" time="12.334"/>
</testsuite> <!-- src.in.valtech.cl.scenarios.TC_Scenario_03 -->
